SF:C:\Projects\TransactionProcessing\Messaging\MessagingService.BusinessLogic\Services\MessagingDomainService.cs
FN:56,System.Void MessagingService.BusinessLogic.Services.MessagingDomainService::.ctor(Shared.EventStore.Aggregate.IAggregateRepository`2<MessagingService.EmailMessageAggregate.EmailAggregate,Shared.DomainDrivenDesign.EventSourcing.DomainEvent>,Shared.EventStore.Aggregate.IAggregateRepository`2<MessagingService.SMSMessageAggregate.SMSAggregate,Shared.DomainDrivenDesign.EventSourcing.DomainEvent>,MessagingService.BusinessLogic.Services.EmailServices.IEmailServiceProxy,MessagingService.BusinessLogic.Services.SMSServices.ISMSServiceProxy)
FNDA:0,System.Void MessagingService.BusinessLogic.Services.MessagingDomainService::.ctor(Shared.EventStore.Aggregate.IAggregateRepository`2<MessagingService.EmailMessageAggregate.EmailAggregate,Shared.DomainDrivenDesign.EventSourcing.DomainEvent>,Shared.EventStore.Aggregate.IAggregateRepository`2<MessagingService.SMSMessageAggregate.SMSAggregate,Shared.DomainDrivenDesign.EventSourcing.DomainEvent>,MessagingService.BusinessLogic.Services.EmailServices.IEmailServiceProxy,MessagingService.BusinessLogic.Services.SMSServices.ISMSServiceProxy)
DA:57,0
DA:58,0
DA:59,0
DA:60,0
DA:61,0
DA:62,0
DA:63,0
DA:65,0
DA:66,0
DA:67,0
LF:10
LH:0
BRF:0
BRH:0
FNF:1
FNH:0
end_of_record
SF:C:\Projects\TransactionProcessing\Messaging\MessagingService.BusinessLogic\Requests\ResendEmailRequest.cs
FN:42,MessagingService.BusinessLogic.Requests.ResendEmailRequest MessagingService.BusinessLogic.Requests.ResendEmailRequest::Create(System.Guid,System.Guid)
FNDA:0,MessagingService.BusinessLogic.Requests.ResendEmailRequest MessagingService.BusinessLogic.Requests.ResendEmailRequest::Create(System.Guid,System.Guid)
DA:43,0
DA:44,0
DA:45,0
FN:9,System.Void MessagingService.BusinessLogic.Requests.ResendEmailRequest::.ctor(System.Guid,System.Guid)
FNDA:0,System.Void MessagingService.BusinessLogic.Requests.ResendEmailRequest::.ctor(System.Guid,System.Guid)
DA:10,0
DA:11,0
DA:12,0
DA:13,0
DA:14,0
DA:15,0
LF:9
LH:0
BRF:0
BRH:0
FNF:2
FNH:0
end_of_record
SF:C:\Projects\TransactionProcessing\Messaging\MessagingService.BusinessLogic\Requests\SendEmailRequest.cs
FN:137,MessagingService.BusinessLogic.Requests.SendEmailRequest MessagingService.BusinessLogic.Requests.SendEmailRequest::Create(System.Guid,System.Guid,System.String,System.Collections.Generic.List`1<System.String>,System.String,System.String,System.Boolean,System.Collections.Generic.List`1<MessagingService.BusinessLogic.Requests.EmailAttachment>)
FNDA:0,MessagingService.BusinessLogic.Requests.SendEmailRequest MessagingService.BusinessLogic.Requests.SendEmailRequest::Create(System.Guid,System.Guid,System.String,System.Collections.Generic.List`1<System.String>,System.String,System.String,System.Boolean,System.Collections.Generic.List`1<MessagingService.BusinessLogic.Requests.EmailAttachment>)
DA:138,0
DA:139,0
DA:140,0
FN:26,System.Void MessagingService.BusinessLogic.Requests.SendEmailRequest::.ctor(System.Guid,System.Guid,System.String,System.Collections.Generic.List`1<System.String>,System.String,System.String,System.Boolean,System.Collections.Generic.List`1<MessagingService.BusinessLogic.Requests.EmailAttachment>)
FNDA:0,System.Void MessagingService.BusinessLogic.Requests.SendEmailRequest::.ctor(System.Guid,System.Guid,System.String,System.Collections.Generic.List`1<System.String>,System.String,System.String,System.Boolean,System.Collections.Generic.List`1<MessagingService.BusinessLogic.Requests.EmailAttachment>)
DA:27,0
DA:28,0
DA:29,0
DA:30,0
DA:31,0
DA:32,0
DA:33,0
DA:34,0
DA:35,0
DA:36,0
DA:37,0
DA:38,0
DA:39,0
DA:40,0
DA:41,0
DA:42,0
DA:43,0
DA:44,0
LF:21
LH:0
BRF:0
BRH:0
FNF:2
FNH:0
end_of_record
SF:C:\Projects\TransactionProcessing\Messaging\MessagingService.BusinessLogic\Requests\SendSMSRequest.cs
FN:96,MessagingService.BusinessLogic.Requests.SendSMSRequest MessagingService.BusinessLogic.Requests.SendSMSRequest::Create(System.Guid,System.Guid,System.String,System.String,System.String)
FNDA:1,MessagingService.BusinessLogic.Requests.SendSMSRequest MessagingService.BusinessLogic.Requests.SendSMSRequest::Create(System.Guid,System.Guid,System.String,System.String,System.String)
DA:97,1
DA:98,1
DA:99,1
FN:21,System.Void MessagingService.BusinessLogic.Requests.SendSMSRequest::.ctor(System.Guid,System.Guid,System.String,System.String,System.String)
FNDA:1,System.Void MessagingService.BusinessLogic.Requests.SendSMSRequest::.ctor(System.Guid,System.Guid,System.String,System.String,System.String)
DA:22,1
DA:23,1
DA:24,1
DA:25,1
DA:26,1
DA:27,1
DA:28,1
DA:29,1
DA:30,1
DA:31,1
DA:32,1
DA:33,1
LF:15
LH:15
BRF:0
BRH:0
FNF:2
FNH:2
end_of_record
SF:C:\Projects\TransactionProcessing\Messaging\MessagingService.BusinessLogic\RequestHandlers\MessagingRequestHandler.cs
FN:32,System.Void MessagingService.BusinessLogic.RequestHandlers.MessagingRequestHandler::.ctor(MessagingService.BusinessLogic.Services.IMessagingDomainService)
FNDA:0,System.Void MessagingService.BusinessLogic.RequestHandlers.MessagingRequestHandler::.ctor(MessagingService.BusinessLogic.Services.IMessagingDomainService)
DA:33,0
DA:34,0
DA:35,0
DA:36,0
LF:4
LH:0
BRF:0
BRH:0
FNF:1
FNH:0
end_of_record
SF:C:\Projects\TransactionProcessing\Messaging\MessagingService.BusinessLogic\EventHandling\EmailDomainEventHandler.cs
FN:35,System.Void MessagingService.BusinessLogic.EventHandling.EmailDomainEventHandler::.ctor(Shared.EventStore.Aggregate.IAggregateRepository`2<MessagingService.EmailMessageAggregate.EmailAggregate,Shared.DomainDrivenDesign.EventSourcing.DomainEvent>,MessagingService.BusinessLogic.Services.EmailServices.IEmailServiceProxy)
FNDA:0,System.Void MessagingService.BusinessLogic.EventHandling.EmailDomainEventHandler::.ctor(Shared.EventStore.Aggregate.IAggregateRepository`2<MessagingService.EmailMessageAggregate.EmailAggregate,Shared.DomainDrivenDesign.EventSourcing.DomainEvent>,MessagingService.BusinessLogic.Services.EmailServices.IEmailServiceProxy)
DA:36,0
DA:37,0
DA:38,0
DA:39,0
DA:40,0
DA:41,0
LF:6
LH:0
BRF:0
BRH:0
FNF:1
FNH:0
end_of_record
SF:C:\Projects\TransactionProcessing\Messaging\MessagingService.BusinessLogic\EventHandling\SMSDomainEventHandler.cs
FN:35,System.Void MessagingService.BusinessLogic.EventHandling.SMSDomainEventHandler::.ctor(Shared.EventStore.Aggregate.IAggregateRepository`2<MessagingService.SMSMessageAggregate.SMSAggregate,Shared.DomainDrivenDesign.EventSourcing.DomainEvent>,MessagingService.BusinessLogic.Services.SMSServices.ISMSServiceProxy)
FNDA:0,System.Void MessagingService.BusinessLogic.EventHandling.SMSDomainEventHandler::.ctor(Shared.EventStore.Aggregate.IAggregateRepository`2<MessagingService.SMSMessageAggregate.SMSAggregate,Shared.DomainDrivenDesign.EventSourcing.DomainEvent>,MessagingService.BusinessLogic.Services.SMSServices.ISMSServiceProxy)
DA:36,0
DA:37,0
DA:38,0
DA:39,0
DA:40,0
DA:41,0
LF:6
LH:0
BRF:0
BRH:0
FNF:1
FNH:0
end_of_record
SF:C:\Projects\TransactionProcessing\Messaging\MessagingService.EmailMessage.DomainEvents\EmailMessageBouncedEvent.cs
FN:17,System.Void MessagingService.EmailMessage.DomainEvents.EmailMessageBouncedEvent::.ctor(System.Guid,System.String,System.DateTime)
FNDA:0,System.Void MessagingService.EmailMessage.DomainEvents.EmailMessageBouncedEvent::.ctor(System.Guid,System.String,System.DateTime)
DA:18,0
DA:19,0
DA:20,0
DA:21,0
DA:22,0
DA:23,0
LF:6
LH:0
BRF:0
BRH:0
FNF:1
FNH:0
end_of_record
SF:C:\Projects\TransactionProcessing\Messaging\MessagingService.EmailMessage.DomainEvents\EmailMessageDeliveredEvent.cs
FN:17,System.Void MessagingService.EmailMessage.DomainEvents.EmailMessageDeliveredEvent::.ctor(System.Guid,System.String,System.DateTime)
FNDA:0,System.Void MessagingService.EmailMessage.DomainEvents.EmailMessageDeliveredEvent::.ctor(System.Guid,System.String,System.DateTime)
DA:18,0
DA:19,0
DA:20,0
DA:21,0
DA:22,0
DA:23,0
LF:6
LH:0
BRF:0
BRH:0
FNF:1
FNH:0
end_of_record
SF:C:\Projects\TransactionProcessing\Messaging\MessagingService.EmailMessage.DomainEvents\EmailMessageFailedEvent.cs
FN:15,System.Void MessagingService.EmailMessage.DomainEvents.EmailMessageFailedEvent::.ctor(System.Guid,System.String,System.DateTime)
FNDA:0,System.Void MessagingService.EmailMessage.DomainEvents.EmailMessageFailedEvent::.ctor(System.Guid,System.String,System.DateTime)
DA:16,0
DA:17,0
DA:18,0
DA:19,0
DA:20,0
DA:21,0
LF:6
LH:0
BRF:0
BRH:0
FNF:1
FNH:0
end_of_record
SF:C:\Projects\TransactionProcessing\Messaging\MessagingService.EmailMessage.DomainEvents\EmailMessageMarkedAsSpamEvent.cs
FN:17,System.Void MessagingService.EmailMessage.DomainEvents.EmailMessageMarkedAsSpamEvent::.ctor(System.Guid,System.String,System.DateTime)
FNDA:0,System.Void MessagingService.EmailMessage.DomainEvents.EmailMessageMarkedAsSpamEvent::.ctor(System.Guid,System.String,System.DateTime)
DA:18,0
DA:19,0
DA:20,0
DA:21,0
DA:22,0
DA:23,0
LF:6
LH:0
BRF:0
BRH:0
FNF:1
FNH:0
end_of_record
SF:C:\Projects\TransactionProcessing\Messaging\MessagingService.EmailMessage.DomainEvents\EmailMessageRejectedEvent.cs
FN:17,System.Void MessagingService.EmailMessage.DomainEvents.EmailMessageRejectedEvent::.ctor(System.Guid,System.String,System.DateTime)
FNDA:0,System.Void MessagingService.EmailMessage.DomainEvents.EmailMessageRejectedEvent::.ctor(System.Guid,System.String,System.DateTime)
DA:18,0
DA:19,0
DA:20,0
DA:21,0
DA:22,0
DA:23,0
LF:6
LH:0
BRF:0
BRH:0
FNF:1
FNH:0
end_of_record
SF:C:\Projects\TransactionProcessing\Messaging\MessagingService.EmailMessage.DomainEvents\RequestResentToEmailProviderEvent.cs
FN:7,System.Void MessagingService.EmailMessage.DomainEvents.RequestResentToEmailProviderEvent::.ctor(System.Guid)
FNDA:0,System.Void MessagingService.EmailMessage.DomainEvents.RequestResentToEmailProviderEvent::.ctor(System.Guid)
DA:8,0
DA:9,0
DA:10,0
DA:11,0
LF:4
LH:0
BRF:0
BRH:0
FNF:1
FNH:0
end_of_record
SF:C:\Projects\TransactionProcessing\Messaging\MessagingService.EmailMessage.DomainEvents\RequestSentToEmailProviderEvent.cs
FN:22,System.Void MessagingService.EmailMessage.DomainEvents.RequestSentToEmailProviderEvent::.ctor(System.Guid,System.String,System.Collections.Generic.List`1<System.String>,System.String,System.String,System.Boolean)
FNDA:0,System.Void MessagingService.EmailMessage.DomainEvents.RequestSentToEmailProviderEvent::.ctor(System.Guid,System.String,System.Collections.Generic.List`1<System.String>,System.String,System.String,System.Boolean)
DA:23,0
DA:24,0
DA:25,0
DA:26,0
DA:27,0
DA:28,0
DA:29,0
DA:30,0
DA:31,0
LF:9
LH:0
BRF:0
BRH:0
FNF:1
FNH:0
end_of_record
SF:C:\Projects\TransactionProcessing\Messaging\MessagingService.EmailMessage.DomainEvents\ResponseReceivedFromProvider.cs
FN:17,System.Void MessagingService.EmailMessage.DomainEvents.ResponseReceivedFromEmailProviderEvent::.ctor(System.Guid,System.String,System.String)
FNDA:0,System.Void MessagingService.EmailMessage.DomainEvents.ResponseReceivedFromEmailProviderEvent::.ctor(System.Guid,System.String,System.String)
DA:18,0
DA:19,0
DA:20,0
DA:21,0
DA:22,0
DA:23,0
LF:6
LH:0
BRF:0
BRH:0
FNF:1
FNH:0
end_of_record
SF:C:\Projects\TransactionProcessing\Messaging\MessagingService.EmailMessageAggregate\EmailAggregate.cs
FN:23,System.Collections.Generic.List`1<System.String> MessagingService.EmailMessageAggregate.EmailAggregate::GetToAddresses()
FNDA:0,System.Collections.Generic.List`1<System.String> MessagingService.EmailMessageAggregate.EmailAggregate::GetToAddresses()
DA:24,0
DA:25,0
DA:26,0
FN:133,MessagingService.EmailMessageAggregate.EmailAggregate MessagingService.EmailMessageAggregate.EmailAggregate::Create(System.Guid)
FNDA:0,MessagingService.EmailMessageAggregate.EmailAggregate MessagingService.EmailMessageAggregate.EmailAggregate::Create(System.Guid)
DA:134,0
DA:135,0
DA:136,0
FN:144,System.Void MessagingService.EmailMessageAggregate.EmailAggregate::MarkMessageAsBounced(System.String,System.DateTime)
FNDA:0,System.Void MessagingService.EmailMessageAggregate.EmailAggregate::MarkMessageAsBounced(System.String,System.DateTime)
DA:145,0
DA:146,0
DA:148,0
DA:150,0
DA:151,0
FN:159,System.Void MessagingService.EmailMessageAggregate.EmailAggregate::MarkMessageAsDelivered(System.String,System.DateTime)
FNDA:0,System.Void MessagingService.EmailMessageAggregate.EmailAggregate::MarkMessageAsDelivered(System.String,System.DateTime)
DA:160,0
DA:161,0
DA:163,0
DA:165,0
DA:166,0
FN:174,System.Void MessagingService.EmailMessageAggregate.EmailAggregate::MarkMessageAsFailed(System.String,System.DateTime)
FNDA:0,System.Void MessagingService.EmailMessageAggregate.EmailAggregate::MarkMessageAsFailed(System.String,System.DateTime)
DA:175,0
DA:176,0
DA:178,0
DA:180,0
DA:181,0
FN:189,System.Void MessagingService.EmailMessageAggregate.EmailAggregate::MarkMessageAsRejected(System.String,System.DateTime)
FNDA:0,System.Void MessagingService.EmailMessageAggregate.EmailAggregate::MarkMessageAsRejected(System.String,System.DateTime)
DA:190,0
DA:191,0
DA:193,0
DA:195,0
DA:196,0
FN:204,System.Void MessagingService.EmailMessageAggregate.EmailAggregate::MarkMessageAsSpam(System.String,System.DateTime)
FNDA:0,System.Void MessagingService.EmailMessageAggregate.EmailAggregate::MarkMessageAsSpam(System.String,System.DateTime)
DA:205,0
DA:206,0
DA:208,0
DA:210,0
DA:211,0
FN:219,System.Void MessagingService.EmailMessageAggregate.EmailAggregate::ReceiveResponseFromProvider(System.String,System.String)
FNDA:0,System.Void MessagingService.EmailMessageAggregate.EmailAggregate::ReceiveResponseFromProvider(System.String,System.String)
DA:220,0
DA:221,0
DA:222,0
DA:224,0
DA:225,0
FN:239,System.Void MessagingService.EmailMessageAggregate.EmailAggregate::SendRequestToProvider(System.String,System.Collections.Generic.List`1<System.String>,System.String,System.String,System.Boolean)
FNDA:0,System.Void MessagingService.EmailMessageAggregate.EmailAggregate::SendRequestToProvider(System.String,System.Collections.Generic.List`1<System.String>,System.String,System.String,System.Boolean)
DA:240,0
DA:241,0
DA:242,0
DA:243,0
DA:246,0
DA:248,0
DA:249,0
BRDA:241,23,0,0
BRDA:241,23,1,0
FN:251,System.Void MessagingService.EmailMessageAggregate.EmailAggregate::ResendRequestToProvider()
FNDA:0,System.Void MessagingService.EmailMessageAggregate.EmailAggregate::ResendRequestToProvider()
DA:252,0
DA:253,0
DA:254,0
DA:255,0
DA:256,0
DA:259,0
DA:261,0
DA:262,0
BRDA:253,19,0,0
BRDA:253,19,1,0
BRDA:253,49,0,0
BRDA:253,49,1,0
FN:278,System.Void MessagingService.EmailMessageAggregate.EmailAggregate::PlayEvent(Shared.DomainDrivenDesign.EventSourcing.IDomainEvent)
FNDA:0,System.Void MessagingService.EmailMessageAggregate.EmailAggregate::PlayEvent(Shared.DomainDrivenDesign.EventSourcing.IDomainEvent)
DA:279,0
DA:280,0
DA:281,0
BRDA:280,6,1,0
BRDA:280,6,0,0
FN:283,System.Void MessagingService.EmailMessageAggregate.EmailAggregate::PlayEvent(System.Object)
FNDA:0,System.Void MessagingService.EmailMessageAggregate.EmailAggregate::PlayEvent(System.Object)
DA:284,0
DA:285,0
DA:287,0
DA:288,0
FN:295,System.Void MessagingService.EmailMessageAggregate.EmailAggregate::CheckMessageCanBeSetToBounced()
FNDA:0,System.Void MessagingService.EmailMessageAggregate.EmailAggregate::CheckMessageCanBeSetToBounced()
DA:296,0
DA:297,0
DA:298,0
DA:299,0
DA:301,0
BRDA:297,26,0,0
BRDA:297,26,1,0
FN:307,System.Void MessagingService.EmailMessageAggregate.EmailAggregate::CheckMessageCanBeSetToDelivered()
FNDA:0,System.Void MessagingService.EmailMessageAggregate.EmailAggregate::CheckMessageCanBeSetToDelivered()
DA:308,0
DA:309,0
DA:310,0
DA:311,0
DA:313,0
BRDA:309,26,0,0
BRDA:309,26,1,0
FN:319,System.Void MessagingService.EmailMessageAggregate.EmailAggregate::CheckMessageCanBeSetToFailed()
FNDA:0,System.Void MessagingService.EmailMessageAggregate.EmailAggregate::CheckMessageCanBeSetToFailed()
DA:320,0
DA:321,0
DA:322,0
DA:323,0
DA:325,0
BRDA:321,26,0,0
BRDA:321,26,1,0
FN:331,System.Void MessagingService.EmailMessageAggregate.EmailAggregate::CheckMessageCanBeSetToRejected()
FNDA:0,System.Void MessagingService.EmailMessageAggregate.EmailAggregate::CheckMessageCanBeSetToRejected()
DA:332,0
DA:333,0
DA:334,0
DA:335,0
DA:337,0
BRDA:333,26,0,0
BRDA:333,26,1,0
FN:343,System.Void MessagingService.EmailMessageAggregate.EmailAggregate::CheckMessageCanBeSetToSpam()
FNDA:0,System.Void MessagingService.EmailMessageAggregate.EmailAggregate::CheckMessageCanBeSetToSpam()
DA:344,0
DA:345,0
DA:346,0
DA:347,0
DA:349,0
BRDA:345,26,0,0
BRDA:345,26,1,0
FN:355,System.Void MessagingService.EmailMessageAggregate.EmailAggregate::PlayEvent(MessagingService.EmailMessage.DomainEvents.RequestSentToEmailProviderEvent)
FNDA:0,System.Void MessagingService.EmailMessageAggregate.EmailAggregate::PlayEvent(MessagingService.EmailMessage.DomainEvents.RequestSentToEmailProviderEvent)
DA:356,0
DA:357,0
DA:358,0
DA:359,0
DA:360,0
DA:361,0
DA:362,0
DA:363,0
DA:365,0
DA:366,0
DA:367,0
DA:368,0
DA:369,0
DA:370,0
DA:371,0
BRDA:365,151,1,0
BRDA:365,151,0,0
FN:377,System.Void MessagingService.EmailMessageAggregate.EmailAggregate::PlayEvent(MessagingService.EmailMessage.DomainEvents.ResponseReceivedFromEmailProviderEvent)
FNDA:0,System.Void MessagingService.EmailMessageAggregate.EmailAggregate::PlayEvent(MessagingService.EmailMessage.DomainEvents.ResponseReceivedFromEmailProviderEvent)
DA:378,0
DA:379,0
DA:380,0
DA:381,0
DA:382,0
FN:383,System.Void MessagingService.EmailMessageAggregate.EmailAggregate::PlayEvent(MessagingService.EmailMessage.DomainEvents.RequestResentToEmailProviderEvent)
FNDA:0,System.Void MessagingService.EmailMessageAggregate.EmailAggregate::PlayEvent(MessagingService.EmailMessage.DomainEvents.RequestResentToEmailProviderEvent)
DA:384,0
DA:385,0
DA:386,0
DA:387,0
FN:393,System.Void MessagingService.EmailMessageAggregate.EmailAggregate::PlayEvent(MessagingService.EmailMessage.DomainEvents.EmailMessageDeliveredEvent)
FNDA:0,System.Void MessagingService.EmailMessageAggregate.EmailAggregate::PlayEvent(MessagingService.EmailMessage.DomainEvents.EmailMessageDeliveredEvent)
DA:394,0
DA:395,0
DA:396,0
FN:397,MessagingService.EmailMessageAggregate.MessageStatus MessagingService.EmailMessageAggregate.EmailAggregate::GetDeliveryStatus(System.Nullable`1<System.Int32>)
FNDA:0,MessagingService.EmailMessageAggregate.MessageStatus MessagingService.EmailMessageAggregate.EmailAggregate::GetDeliveryStatus(System.Nullable`1<System.Int32>)
DA:398,0
DA:399,0
DA:400,0
DA:402,0
DA:403,0
BRDA:399,13,0,0
BRDA:399,13,1,0
FN:409,System.Void MessagingService.EmailMessageAggregate.EmailAggregate::PlayEvent(MessagingService.EmailMessage.DomainEvents.EmailMessageFailedEvent)
FNDA:0,System.Void MessagingService.EmailMessageAggregate.EmailAggregate::PlayEvent(MessagingService.EmailMessage.DomainEvents.EmailMessageFailedEvent)
DA:410,0
DA:411,0
DA:412,0
FN:418,System.Void MessagingService.EmailMessageAggregate.EmailAggregate::PlayEvent(MessagingService.EmailMessage.DomainEvents.EmailMessageRejectedEvent)
FNDA:0,System.Void MessagingService.EmailMessageAggregate.EmailAggregate::PlayEvent(MessagingService.EmailMessage.DomainEvents.EmailMessageRejectedEvent)
DA:419,0
DA:420,0
DA:421,0
FN:427,System.Void MessagingService.EmailMessageAggregate.EmailAggregate::PlayEvent(MessagingService.EmailMessage.DomainEvents.EmailMessageBouncedEvent)
FNDA:0,System.Void MessagingService.EmailMessageAggregate.EmailAggregate::PlayEvent(MessagingService.EmailMessage.DomainEvents.EmailMessageBouncedEvent)
DA:428,0
DA:429,0
DA:430,0
FN:436,System.Void MessagingService.EmailMessageAggregate.EmailAggregate::PlayEvent(MessagingService.EmailMessage.DomainEvents.EmailMessageMarkedAsSpamEvent)
FNDA:0,System.Void MessagingService.EmailMessageAggregate.EmailAggregate::PlayEvent(MessagingService.EmailMessage.DomainEvents.EmailMessageMarkedAsSpamEvent)
DA:437,0
DA:438,0
DA:439,0
FN:47,System.Void MessagingService.EmailMessageAggregate.EmailAggregate::.ctor(System.Guid)
FNDA:0,System.Void MessagingService.EmailMessageAggregate.EmailAggregate::.ctor(System.Guid)
DA:48,0
DA:49,0
DA:50,0
DA:52,0
DA:53,0
DA:54,0
DA:55,0
DA:56,0
DA:57,0
DA:58,0
LF:137
LH:0
BRF:22
BRH:0
FNF:27
FNH:0
end_of_record
SF:C:\Projects\TransactionProcessing\Messaging\MessagingService.EmailMessageAggregate\MessageRecipient.cs
FN:32,System.Void MessagingService.EmailMessageAggregate.MessageRecipient::Create(System.String)
FNDA:0,System.Void MessagingService.EmailMessageAggregate.MessageRecipient::Create(System.String)
DA:33,0
DA:34,0
DA:35,0
LF:3
LH:0
BRF:0
BRH:0
FNF:1
FNH:0
end_of_record
SF:C:\Projects\TransactionProcessing\Messaging\MessagingService.SMSMessage.DomainEvents\RequestSentToSMSProviderEvent.cs
FN:19,System.Void MessagingService.SMSMessage.DomainEvents.RequestSentToSMSProviderEvent::.ctor(System.Guid,System.String,System.String,System.String)
FNDA:32,System.Void MessagingService.SMSMessage.DomainEvents.RequestSentToSMSProviderEvent::.ctor(System.Guid,System.String,System.String,System.String)
DA:20,32
DA:21,32
DA:22,32
DA:23,32
DA:24,32
DA:25,32
DA:26,32
LF:7
LH:7
BRF:0
BRH:0
FNF:1
FNH:1
end_of_record
SF:C:\Projects\TransactionProcessing\Messaging\MessagingService.SMSMessage.DomainEvents\ResponseReceivedFromSMSProvider.cs
FN:15,System.Void MessagingService.SMSMessage.DomainEvents.ResponseReceivedFromSMSProviderEvent::.ctor(System.Guid,System.String)
FNDA:22,System.Void MessagingService.SMSMessage.DomainEvents.ResponseReceivedFromSMSProviderEvent::.ctor(System.Guid,System.String)
DA:16,22
DA:17,22
DA:18,22
DA:19,22
DA:20,22
LF:5
LH:5
BRF:0
BRH:0
FNF:1
FNH:1
end_of_record
SF:C:\Projects\TransactionProcessing\Messaging\MessagingService.SMSMessage.DomainEvents\SMSMessageDeliveredEvent.cs
FN:17,System.Void MessagingService.SMSMessage.DomainEvents.SMSMessageDeliveredEvent::.ctor(System.Guid,System.String,System.DateTime)
FNDA:6,System.Void MessagingService.SMSMessage.DomainEvents.SMSMessageDeliveredEvent::.ctor(System.Guid,System.String,System.DateTime)
DA:18,6
DA:19,6
DA:20,6
DA:21,6
DA:22,6
DA:23,6
LF:6
LH:6
BRF:0
BRH:0
FNF:1
FNH:1
end_of_record
SF:C:\Projects\TransactionProcessing\Messaging\MessagingService.SMSMessage.DomainEvents\SMSMessageExpiredEvent.cs
FN:17,System.Void MessagingService.SMSMessage.DomainEvents.SMSMessageExpiredEvent::.ctor(System.Guid,System.String,System.DateTime)
FNDA:6,System.Void MessagingService.SMSMessage.DomainEvents.SMSMessageExpiredEvent::.ctor(System.Guid,System.String,System.DateTime)
DA:18,6
DA:19,6
DA:20,6
DA:21,6
DA:22,6
DA:23,6
LF:6
LH:6
BRF:0
BRH:0
FNF:1
FNH:1
end_of_record
SF:C:\Projects\TransactionProcessing\Messaging\MessagingService.SMSMessage.DomainEvents\SMSMessageRejectedEvent.cs
FN:17,System.Void MessagingService.SMSMessage.DomainEvents.SMSMessageRejectedEvent::.ctor(System.Guid,System.String,System.DateTime)
FNDA:6,System.Void MessagingService.SMSMessage.DomainEvents.SMSMessageRejectedEvent::.ctor(System.Guid,System.String,System.DateTime)
DA:18,6
DA:19,6
DA:20,6
DA:21,6
DA:22,6
DA:23,6
LF:6
LH:6
BRF:0
BRH:0
FNF:1
FNH:1
end_of_record
SF:C:\Projects\TransactionProcessing\Messaging\MessagingService.SMSMessage.DomainEvents\SMSMessageUndeliveredEvent.cs
FN:17,System.Void MessagingService.SMSMessage.DomainEvents.SMSMessageUndeliveredEvent::.ctor(System.Guid,System.String,System.DateTime)
FNDA:6,System.Void MessagingService.SMSMessage.DomainEvents.SMSMessageUndeliveredEvent::.ctor(System.Guid,System.String,System.DateTime)
DA:18,6
DA:19,6
DA:20,6
DA:21,6
DA:22,6
DA:23,6
LF:6
LH:6
BRF:0
BRH:0
FNF:1
FNH:1
end_of_record
SF:C:\Projects\TransactionProcessing\Messaging\MessagingService.SMSMessageAggregate\SMSAggregate.cs
FN:92,MessagingService.SMSMessageAggregate.SMSAggregate MessagingService.SMSMessageAggregate.SMSAggregate::Create(System.Guid)
FNDA:32,MessagingService.SMSMessageAggregate.SMSAggregate MessagingService.SMSMessageAggregate.SMSAggregate::Create(System.Guid)
DA:93,32
DA:94,32
DA:95,32
FN:101,System.Void MessagingService.SMSMessageAggregate.SMSAggregate::ReceiveResponseFromProvider(System.String)
FNDA:21,System.Void MessagingService.SMSMessageAggregate.SMSAggregate::ReceiveResponseFromProvider(System.String)
DA:102,21
DA:103,21
DA:104,21
DA:106,21
DA:107,21
FN:118,System.Void MessagingService.SMSMessageAggregate.SMSAggregate::SendRequestToProvider(System.String,System.String,System.String)
FNDA:32,System.Void MessagingService.SMSMessageAggregate.SMSAggregate::SendRequestToProvider(System.String,System.String,System.String)
DA:119,32
DA:120,32
DA:121,1
DA:122,1
DA:125,31
DA:127,31
DA:128,31
BRDA:120,12,0,1
BRDA:120,12,1,31
FN:136,System.Void MessagingService.SMSMessageAggregate.SMSAggregate::MarkMessageAsExpired(System.String,System.DateTime)
FNDA:11,System.Void MessagingService.SMSMessageAggregate.SMSAggregate::MarkMessageAsExpired(System.String,System.DateTime)
DA:137,11
DA:138,11
DA:140,5
DA:142,5
DA:143,5
FN:151,System.Void MessagingService.SMSMessageAggregate.SMSAggregate::MarkMessageAsRejected(System.String,System.DateTime)
FNDA:11,System.Void MessagingService.SMSMessageAggregate.SMSAggregate::MarkMessageAsRejected(System.String,System.DateTime)
DA:152,11
DA:153,11
DA:155,5
DA:157,5
DA:158,5
FN:166,System.Void MessagingService.SMSMessageAggregate.SMSAggregate::MarkMessageAsDelivered(System.String,System.DateTime)
FNDA:11,System.Void MessagingService.SMSMessageAggregate.SMSAggregate::MarkMessageAsDelivered(System.String,System.DateTime)
DA:167,11
DA:168,11
DA:170,5
DA:172,5
DA:173,5
FN:182,System.Void MessagingService.SMSMessageAggregate.SMSAggregate::MarkMessageAsUndeliverable(System.String,System.DateTime)
FNDA:11,System.Void MessagingService.SMSMessageAggregate.SMSAggregate::MarkMessageAsUndeliverable(System.String,System.DateTime)
DA:183,11
DA:184,11
DA:186,5
DA:188,5
DA:189,5
FN:195,System.Void MessagingService.SMSMessageAggregate.SMSAggregate::CheckMessageCanBeSetToExpired()
FNDA:11,System.Void MessagingService.SMSMessageAggregate.SMSAggregate::CheckMessageCanBeSetToExpired()
DA:196,11
DA:197,11
DA:198,6
DA:199,6
DA:201,5
BRDA:197,15,0,6
BRDA:197,15,1,5
FN:207,System.Void MessagingService.SMSMessageAggregate.SMSAggregate::CheckMessageCanBeSetToRejected()
FNDA:11,System.Void MessagingService.SMSMessageAggregate.SMSAggregate::CheckMessageCanBeSetToRejected()
DA:208,11
DA:209,11
DA:210,6
DA:211,6
DA:213,5
BRDA:209,15,0,6
BRDA:209,15,1,5
FN:218,System.Void MessagingService.SMSMessageAggregate.SMSAggregate::CheckMessageCanBeSetToDelivered()
FNDA:11,System.Void MessagingService.SMSMessageAggregate.SMSAggregate::CheckMessageCanBeSetToDelivered()
DA:219,11
DA:220,11
DA:221,6
DA:222,6
DA:224,5
BRDA:220,15,0,6
BRDA:220,15,1,5
FN:230,System.Void MessagingService.SMSMessageAggregate.SMSAggregate::CheckMessageCanBeSetToUndeliverable()
FNDA:11,System.Void MessagingService.SMSMessageAggregate.SMSAggregate::CheckMessageCanBeSetToUndeliverable()
DA:231,11
DA:232,11
DA:233,6
DA:234,6
DA:236,5
BRDA:232,15,0,6
BRDA:232,15,1,5
FN:252,System.Void MessagingService.SMSMessageAggregate.SMSAggregate::PlayEvent(Shared.DomainDrivenDesign.EventSourcing.IDomainEvent)
FNDA:73,System.Void MessagingService.SMSMessageAggregate.SMSAggregate::PlayEvent(Shared.DomainDrivenDesign.EventSourcing.IDomainEvent)
DA:253,73
DA:254,73
DA:255,72
BRDA:254,6,1,1
BRDA:254,6,0,73
FN:257,System.Void MessagingService.SMSMessageAggregate.SMSAggregate::PlayEvent(System.Object)
FNDA:1,System.Void MessagingService.SMSMessageAggregate.SMSAggregate::PlayEvent(System.Object)
DA:258,1
DA:259,1
DA:261,1
DA:262,1
FN:269,System.Void MessagingService.SMSMessageAggregate.SMSAggregate::PlayEvent(MessagingService.SMSMessage.DomainEvents.RequestSentToSMSProviderEvent)
FNDA:31,System.Void MessagingService.SMSMessageAggregate.SMSAggregate::PlayEvent(MessagingService.SMSMessage.DomainEvents.RequestSentToSMSProviderEvent)
DA:270,31
DA:271,31
DA:272,31
DA:273,31
DA:274,31
DA:275,31
FN:281,System.Void MessagingService.SMSMessageAggregate.SMSAggregate::PlayEvent(MessagingService.SMSMessage.DomainEvents.ResponseReceivedFromSMSProviderEvent)
FNDA:21,System.Void MessagingService.SMSMessageAggregate.SMSAggregate::PlayEvent(MessagingService.SMSMessage.DomainEvents.ResponseReceivedFromSMSProviderEvent)
DA:282,21
DA:283,21
DA:284,21
DA:285,21
FN:291,System.Void MessagingService.SMSMessageAggregate.SMSAggregate::PlayEvent(MessagingService.SMSMessage.DomainEvents.SMSMessageExpiredEvent)
FNDA:5,System.Void MessagingService.SMSMessageAggregate.SMSAggregate::PlayEvent(MessagingService.SMSMessage.DomainEvents.SMSMessageExpiredEvent)
DA:292,5
DA:293,5
DA:294,5
FN:300,System.Void MessagingService.SMSMessageAggregate.SMSAggregate::PlayEvent(MessagingService.SMSMessage.DomainEvents.SMSMessageDeliveredEvent)
FNDA:5,System.Void MessagingService.SMSMessageAggregate.SMSAggregate::PlayEvent(MessagingService.SMSMessage.DomainEvents.SMSMessageDeliveredEvent)
DA:301,5
DA:302,5
DA:303,5
FN:309,System.Void MessagingService.SMSMessageAggregate.SMSAggregate::PlayEvent(MessagingService.SMSMessage.DomainEvents.SMSMessageRejectedEvent)
FNDA:5,System.Void MessagingService.SMSMessageAggregate.SMSAggregate::PlayEvent(MessagingService.SMSMessage.DomainEvents.SMSMessageRejectedEvent)
DA:310,5
DA:311,5
DA:312,5
FN:318,System.Void MessagingService.SMSMessageAggregate.SMSAggregate::PlayEvent(MessagingService.SMSMessage.DomainEvents.SMSMessageUndeliveredEvent)
FNDA:5,System.Void MessagingService.SMSMessageAggregate.SMSAggregate::PlayEvent(MessagingService.SMSMessage.DomainEvents.SMSMessageUndeliveredEvent)
DA:319,5
DA:320,5
DA:321,5
FN:32,System.Void MessagingService.SMSMessageAggregate.SMSAggregate::.ctor(System.Guid)
FNDA:32,System.Void MessagingService.SMSMessageAggregate.SMSAggregate::.ctor(System.Guid)
DA:33,32
DA:34,32
DA:35,32
DA:37,32
DA:38,32
DA:39,32
LF:90
LH:90
BRF:12
BRH:12
FNF:20
FNH:20
end_of_record