SF:C:\Projects\TransactionProcessing\Messaging\MessagingService.BusinessLogic\Services\MessagingDomainService.cs
FN:56,System.Void MessagingService.BusinessLogic.Services.MessagingDomainService::.ctor(Shared.EventStore.Aggregate.IAggregateRepository`2<MessagingService.EmailMessageAggregate.EmailAggregate,Shared.DomainDrivenDesign.EventSourcing.DomainEvent>,Shared.EventStore.Aggregate.IAggregateRepository`2<MessagingService.SMSMessageAggregate.SMSAggregate,Shared.DomainDrivenDesign.EventSourcing.DomainEvent>,MessagingService.BusinessLogic.Services.EmailServices.IEmailServiceProxy,MessagingService.BusinessLogic.Services.SMSServices.ISMSServiceProxy)
FNDA:3,System.Void MessagingService.BusinessLogic.Services.MessagingDomainService::.ctor(Shared.EventStore.Aggregate.IAggregateRepository`2<MessagingService.EmailMessageAggregate.EmailAggregate,Shared.DomainDrivenDesign.EventSourcing.DomainEvent>,Shared.EventStore.Aggregate.IAggregateRepository`2<MessagingService.SMSMessageAggregate.SMSAggregate,Shared.DomainDrivenDesign.EventSourcing.DomainEvent>,MessagingService.BusinessLogic.Services.EmailServices.IEmailServiceProxy,MessagingService.BusinessLogic.Services.SMSServices.ISMSServiceProxy)
DA:57,3
DA:58,3
DA:59,3
DA:60,3
DA:61,3
DA:62,3
DA:63,3
DA:65,3
DA:66,3
DA:67,3
FN:145,System.Void MessagingService.BusinessLogic.Services.MessagingDomainService/<ResendEmailMessage>d__7::MoveNext()
FNDA:1,System.Void MessagingService.BusinessLogic.Services.MessagingDomainService/<ResendEmailMessage>d__7::MoveNext()
DA:146,1
DA:148,1
DA:151,1
DA:154,1
DA:155,1
DA:156,1
DA:157,1
DA:158,1
DA:159,1
DA:160,1
DA:163,1
DA:166,1
DA:167,1
FN:92,System.Void MessagingService.BusinessLogic.Services.MessagingDomainService/<SendEmailMessage>d__5::MoveNext()
FNDA:1,System.Void MessagingService.BusinessLogic.Services.MessagingDomainService/<SendEmailMessage>d__5::MoveNext()
DA:93,1
DA:95,1
DA:98,1
DA:101,1
DA:102,1
DA:105,1
DA:108,1
DA:109,1
FN:125,System.Void MessagingService.BusinessLogic.Services.MessagingDomainService/<SendSMSMessage>d__6::MoveNext()
FNDA:1,System.Void MessagingService.BusinessLogic.Services.MessagingDomainService/<SendSMSMessage>d__6::MoveNext()
DA:126,1
DA:128,1
DA:131,1
DA:134,1
DA:135,1
DA:138,1
DA:141,1
DA:142,1
LF:39
LH:39
BRF:0
BRH:0
FNF:4
FNH:4
end_of_record
SF:C:\Projects\TransactionProcessing\Messaging\MessagingService.BusinessLogic\Requests\EmailAttachment.cs
FN:6,System.String MessagingService.BusinessLogic.Requests.EmailAttachment::get_Filename()
FNDA:5,System.String MessagingService.BusinessLogic.Requests.EmailAttachment::get_Filename()
DA:7,5
FN:8,System.String MessagingService.BusinessLogic.Requests.EmailAttachment::get_FileData()
FNDA:5,System.String MessagingService.BusinessLogic.Requests.EmailAttachment::get_FileData()
DA:9,5
FN:10,MessagingService.BusinessLogic.Requests.FileType MessagingService.BusinessLogic.Requests.EmailAttachment::get_FileType()
FNDA:5,MessagingService.BusinessLogic.Requests.FileType MessagingService.BusinessLogic.Requests.EmailAttachment::get_FileType()
DA:11,5
LF:3
LH:3
BRF:0
BRH:0
FNF:3
FNH:3
end_of_record
SF:C:\Projects\TransactionProcessing\Messaging\MessagingService.BusinessLogic\Requests\ResendEmailRequest.cs
FN:26,System.Guid MessagingService.BusinessLogic.Requests.ResendEmailRequest::get_ConnectionIdentifier()
FNDA:2,System.Guid MessagingService.BusinessLogic.Requests.ResendEmailRequest::get_ConnectionIdentifier()
DA:27,2
FN:34,System.Guid MessagingService.BusinessLogic.Requests.ResendEmailRequest::get_MessageId()
FNDA:2,System.Guid MessagingService.BusinessLogic.Requests.ResendEmailRequest::get_MessageId()
DA:35,2
FN:42,MessagingService.BusinessLogic.Requests.ResendEmailRequest MessagingService.BusinessLogic.Requests.ResendEmailRequest::Create(System.Guid,System.Guid)
FNDA:2,MessagingService.BusinessLogic.Requests.ResendEmailRequest MessagingService.BusinessLogic.Requests.ResendEmailRequest::Create(System.Guid,System.Guid)
DA:43,2
DA:44,2
DA:45,2
FN:9,System.Void MessagingService.BusinessLogic.Requests.ResendEmailRequest::.ctor(System.Guid,System.Guid)
FNDA:2,System.Void MessagingService.BusinessLogic.Requests.ResendEmailRequest::.ctor(System.Guid,System.Guid)
DA:10,2
DA:11,2
DA:12,2
DA:13,2
DA:14,2
DA:15,2
LF:11
LH:11
BRF:0
BRH:0
FNF:4
FNH:4
end_of_record
SF:C:\Projects\TransactionProcessing\Messaging\MessagingService.BusinessLogic\Requests\SendEmailRequest.cs
FN:55,System.String MessagingService.BusinessLogic.Requests.SendEmailRequest::get_Body()
FNDA:2,System.String MessagingService.BusinessLogic.Requests.SendEmailRequest::get_Body()
DA:56,2
FN:63,System.Guid MessagingService.BusinessLogic.Requests.SendEmailRequest::get_ConnectionIdentifier()
FNDA:2,System.Guid MessagingService.BusinessLogic.Requests.SendEmailRequest::get_ConnectionIdentifier()
DA:64,2
FN:71,System.String MessagingService.BusinessLogic.Requests.SendEmailRequest::get_FromAddress()
FNDA:2,System.String MessagingService.BusinessLogic.Requests.SendEmailRequest::get_FromAddress()
DA:72,2
FN:79,System.Boolean MessagingService.BusinessLogic.Requests.SendEmailRequest::get_IsHtml()
FNDA:2,System.Boolean MessagingService.BusinessLogic.Requests.SendEmailRequest::get_IsHtml()
DA:80,2
FN:87,System.Guid MessagingService.BusinessLogic.Requests.SendEmailRequest::get_MessageId()
FNDA:2,System.Guid MessagingService.BusinessLogic.Requests.SendEmailRequest::get_MessageId()
DA:88,2
FN:95,System.String MessagingService.BusinessLogic.Requests.SendEmailRequest::get_Subject()
FNDA:2,System.String MessagingService.BusinessLogic.Requests.SendEmailRequest::get_Subject()
DA:96,2
FN:103,System.Collections.Generic.List`1<System.String> MessagingService.BusinessLogic.Requests.SendEmailRequest::get_ToAddresses()
FNDA:2,System.Collections.Generic.List`1<System.String> MessagingService.BusinessLogic.Requests.SendEmailRequest::get_ToAddresses()
DA:104,2
FN:111,System.Collections.Generic.List`1<MessagingService.BusinessLogic.Requests.EmailAttachment> MessagingService.BusinessLogic.Requests.SendEmailRequest::get_EmailAttachments()
FNDA:5,System.Collections.Generic.List`1<MessagingService.BusinessLogic.Requests.EmailAttachment> MessagingService.BusinessLogic.Requests.SendEmailRequest::get_EmailAttachments()
DA:112,5
FN:137,MessagingService.BusinessLogic.Requests.SendEmailRequest MessagingService.BusinessLogic.Requests.SendEmailRequest::Create(System.Guid,System.Guid,System.String,System.Collections.Generic.List`1<System.String>,System.String,System.String,System.Boolean,System.Collections.Generic.List`1<MessagingService.BusinessLogic.Requests.EmailAttachment>)
FNDA:2,MessagingService.BusinessLogic.Requests.SendEmailRequest MessagingService.BusinessLogic.Requests.SendEmailRequest::Create(System.Guid,System.Guid,System.String,System.Collections.Generic.List`1<System.String>,System.String,System.String,System.Boolean,System.Collections.Generic.List`1<MessagingService.BusinessLogic.Requests.EmailAttachment>)
DA:138,2
DA:139,2
DA:140,2
FN:26,System.Void MessagingService.BusinessLogic.Requests.SendEmailRequest::.ctor(System.Guid,System.Guid,System.String,System.Collections.Generic.List`1<System.String>,System.String,System.String,System.Boolean,System.Collections.Generic.List`1<MessagingService.BusinessLogic.Requests.EmailAttachment>)
FNDA:2,System.Void MessagingService.BusinessLogic.Requests.SendEmailRequest::.ctor(System.Guid,System.Guid,System.String,System.Collections.Generic.List`1<System.String>,System.String,System.String,System.Boolean,System.Collections.Generic.List`1<MessagingService.BusinessLogic.Requests.EmailAttachment>)
DA:27,2
DA:28,2
DA:29,2
DA:30,2
DA:31,2
DA:32,2
DA:33,2
DA:34,2
DA:35,2
DA:36,2
DA:37,2
DA:38,2
DA:39,2
DA:40,2
DA:41,2
DA:42,2
DA:43,2
DA:44,2
LF:29
LH:29
BRF:0
BRH:0
FNF:10
FNH:10
end_of_record
SF:C:\Projects\TransactionProcessing\Messaging\MessagingService.BusinessLogic\Requests\SendSMSRequest.cs
FN:44,System.Guid MessagingService.BusinessLogic.Requests.SendSMSRequest::get_ConnectionIdentifier()
FNDA:2,System.Guid MessagingService.BusinessLogic.Requests.SendSMSRequest::get_ConnectionIdentifier()
DA:45,2
FN:52,System.Guid MessagingService.BusinessLogic.Requests.SendSMSRequest::get_MessageId()
FNDA:2,System.Guid MessagingService.BusinessLogic.Requests.SendSMSRequest::get_MessageId()
DA:53,2
FN:60,System.String MessagingService.BusinessLogic.Requests.SendSMSRequest::get_Sender()
FNDA:2,System.String MessagingService.BusinessLogic.Requests.SendSMSRequest::get_Sender()
DA:61,2
FN:68,System.String MessagingService.BusinessLogic.Requests.SendSMSRequest::get_Destination()
FNDA:2,System.String MessagingService.BusinessLogic.Requests.SendSMSRequest::get_Destination()
DA:69,2
FN:76,System.String MessagingService.BusinessLogic.Requests.SendSMSRequest::get_Message()
FNDA:2,System.String MessagingService.BusinessLogic.Requests.SendSMSRequest::get_Message()
DA:77,2
FN:96,MessagingService.BusinessLogic.Requests.SendSMSRequest MessagingService.BusinessLogic.Requests.SendSMSRequest::Create(System.Guid,System.Guid,System.String,System.String,System.String)
FNDA:2,MessagingService.BusinessLogic.Requests.SendSMSRequest MessagingService.BusinessLogic.Requests.SendSMSRequest::Create(System.Guid,System.Guid,System.String,System.String,System.String)
DA:97,2
DA:98,2
DA:99,2
FN:21,System.Void MessagingService.BusinessLogic.Requests.SendSMSRequest::.ctor(System.Guid,System.Guid,System.String,System.String,System.String)
FNDA:2,System.Void MessagingService.BusinessLogic.Requests.SendSMSRequest::.ctor(System.Guid,System.Guid,System.String,System.String,System.String)
DA:22,2
DA:23,2
DA:24,2
DA:25,2
DA:26,2
DA:27,2
DA:28,2
DA:29,2
DA:30,2
DA:31,2
DA:32,2
DA:33,2
LF:20
LH:20
BRF:0
BRH:0
FNF:7
FNH:7
end_of_record
SF:C:\Projects\TransactionProcessing\Messaging\MessagingService.BusinessLogic\RequestHandlers\MessagingRequestHandler.cs
FN:32,System.Void MessagingService.BusinessLogic.RequestHandlers.MessagingRequestHandler::.ctor(MessagingService.BusinessLogic.Services.IMessagingDomainService)
FNDA:3,System.Void MessagingService.BusinessLogic.RequestHandlers.MessagingRequestHandler::.ctor(MessagingService.BusinessLogic.Services.IMessagingDomainService)
DA:33,3
DA:34,3
DA:35,3
DA:36,3
FN:51,System.Void MessagingService.BusinessLogic.RequestHandlers.MessagingRequestHandler/<Handle>d__2::MoveNext()
FNDA:1,System.Void MessagingService.BusinessLogic.RequestHandlers.MessagingRequestHandler/<Handle>d__2::MoveNext()
DA:52,1
DA:53,1
DA:54,1
DA:55,1
DA:56,1
DA:57,1
DA:58,1
DA:59,1
DA:60,1
DA:61,1
DA:63,1
DA:64,1
FN:67,System.Void MessagingService.BusinessLogic.RequestHandlers.MessagingRequestHandler/<Handle>d__3::MoveNext()
FNDA:1,System.Void MessagingService.BusinessLogic.RequestHandlers.MessagingRequestHandler/<Handle>d__3::MoveNext()
DA:68,1
DA:69,1
DA:70,1
DA:71,1
DA:72,1
DA:73,1
DA:74,1
DA:75,1
DA:76,1
FN:80,System.Void MessagingService.BusinessLogic.RequestHandlers.MessagingRequestHandler/<Handle>d__4::MoveNext()
FNDA:1,System.Void MessagingService.BusinessLogic.RequestHandlers.MessagingRequestHandler/<Handle>d__4::MoveNext()
DA:81,1
DA:82,1
DA:84,1
DA:85,1
LF:29
LH:29
BRF:0
BRH:0
FNF:4
FNH:4
end_of_record
SF:C:\Projects\TransactionProcessing\Messaging\MessagingService.BusinessLogic\EventHandling\EmailDomainEventHandler.cs
FN:35,System.Void MessagingService.BusinessLogic.EventHandling.EmailDomainEventHandler::.ctor(Shared.EventStore.Aggregate.IAggregateRepository`2<MessagingService.EmailMessageAggregate.EmailAggregate,Shared.DomainDrivenDesign.EventSourcing.DomainEvent>,MessagingService.BusinessLogic.Services.EmailServices.IEmailServiceProxy)
FNDA:6,System.Void MessagingService.BusinessLogic.EventHandling.EmailDomainEventHandler::.ctor(Shared.EventStore.Aggregate.IAggregateRepository`2<MessagingService.EmailMessageAggregate.EmailAggregate,Shared.DomainDrivenDesign.EventSourcing.DomainEvent>,MessagingService.BusinessLogic.Services.EmailServices.IEmailServiceProxy)
DA:36,6
DA:37,6
DA:38,6
DA:39,6
DA:40,6
DA:41,6
FN:52,System.Void MessagingService.BusinessLogic.EventHandling.EmailDomainEventHandler/<Handle>d__3::MoveNext()
FNDA:6,System.Void MessagingService.BusinessLogic.EventHandling.EmailDomainEventHandler/<Handle>d__3::MoveNext()
DA:53,6
DA:54,6
DA:55,6
BRDA:54,23,1,1
BRDA:54,23,0,6
BRDA:54,95,1,1
BRDA:54,95,0,6
BRDA:54,216,1,1
BRDA:54,216,0,6
BRDA:54,277,1,1
BRDA:54,277,0,6
BRDA:54,354,0,0
BRDA:54,382,0,0
BRDA:54,382,1,0
BRDA:54,354,1,6
BRDA:54,464,1,1
BRDA:54,464,0,6
FN:63,System.Void MessagingService.BusinessLogic.EventHandling.EmailDomainEventHandler/<HandleSpecificDomainEvent>d__4::MoveNext()
FNDA:6,System.Void MessagingService.BusinessLogic.EventHandling.EmailDomainEventHandler/<HandleSpecificDomainEvent>d__4::MoveNext()
DA:64,6
DA:65,6
DA:70,6
DA:71,6
DA:72,6
DA:73,6
DA:76,6
DA:79,1
DA:80,1
DA:82,1
DA:83,1
DA:85,1
DA:86,1
DA:88,1
DA:89,1
DA:91,1
DA:92,1
DA:94,1
DA:98,6
DA:99,6
BRDA:76,405,2,1
BRDA:76,405,4,1
BRDA:76,405,3,1
BRDA:76,405,5,1
BRDA:76,405,1,1
BRDA:76,405,0,6
BRDA:76,405,6,6
LF:29
LH:29
BRF:21
BRH:18
FNF:3
FNH:3
end_of_record
SF:C:\Projects\TransactionProcessing\Messaging\MessagingService.BusinessLogic\EventHandling\SMSDomainEventHandler.cs
FN:35,System.Void MessagingService.BusinessLogic.EventHandling.SMSDomainEventHandler::.ctor(Shared.EventStore.Aggregate.IAggregateRepository`2<MessagingService.SMSMessageAggregate.SMSAggregate,Shared.DomainDrivenDesign.EventSourcing.DomainEvent>,MessagingService.BusinessLogic.Services.SMSServices.ISMSServiceProxy)
FNDA:4,System.Void MessagingService.BusinessLogic.EventHandling.SMSDomainEventHandler::.ctor(Shared.EventStore.Aggregate.IAggregateRepository`2<MessagingService.SMSMessageAggregate.SMSAggregate,Shared.DomainDrivenDesign.EventSourcing.DomainEvent>,MessagingService.BusinessLogic.Services.SMSServices.ISMSServiceProxy)
DA:36,4
DA:37,4
DA:38,4
DA:39,4
DA:40,4
DA:41,4
FN:53,System.Void MessagingService.BusinessLogic.EventHandling.SMSDomainEventHandler/<Handle>d__3::MoveNext()
FNDA:4,System.Void MessagingService.BusinessLogic.EventHandling.SMSDomainEventHandler/<Handle>d__3::MoveNext()
DA:54,4
DA:55,4
DA:56,4
BRDA:55,23,1,1
BRDA:55,23,0,4
BRDA:55,95,1,1
BRDA:55,95,0,4
BRDA:55,216,1,1
BRDA:55,216,0,4
BRDA:55,277,1,1
BRDA:55,277,0,4
BRDA:55,354,0,0
BRDA:55,382,0,0
BRDA:55,382,1,0
BRDA:55,354,1,4
BRDA:55,464,1,1
BRDA:55,464,0,4
FN:64,System.Void MessagingService.BusinessLogic.EventHandling.SMSDomainEventHandler/<HandleSpecificDomainEvent>d__4::MoveNext()
FNDA:4,System.Void MessagingService.BusinessLogic.EventHandling.SMSDomainEventHandler/<HandleSpecificDomainEvent>d__4::MoveNext()
DA:65,4
DA:66,4
DA:71,4
DA:72,4
DA:75,4
DA:78,1
DA:79,1
DA:81,1
DA:82,1
DA:84,1
DA:85,1
DA:87,1
DA:88,1
DA:92,4
DA:93,4
BRDA:75,367,2,1
BRDA:75,367,3,1
BRDA:75,367,4,1
BRDA:75,367,1,1
BRDA:75,367,0,4
LF:24
LH:24
BRF:19
BRH:16
FNF:3
FNH:3
end_of_record
SF:C:\Projects\TransactionProcessing\Messaging\MessagingService.EmailMessage.DomainEvents\EmailMessageBouncedEvent.cs
FN:34,System.DateTime MessagingService.EmailMessage.DomainEvents.EmailMessageBouncedEvent::get_BouncedDateTime()
FNDA:1,System.DateTime MessagingService.EmailMessage.DomainEvents.EmailMessageBouncedEvent::get_BouncedDateTime()
DA:35,1
FN:42,System.Guid MessagingService.EmailMessage.DomainEvents.EmailMessageBouncedEvent::get_MessageId()
FNDA:1,System.Guid MessagingService.EmailMessage.DomainEvents.EmailMessageBouncedEvent::get_MessageId()
DA:43,1
FN:50,System.String MessagingService.EmailMessage.DomainEvents.EmailMessageBouncedEvent::get_ProviderStatus()
FNDA:1,System.String MessagingService.EmailMessage.DomainEvents.EmailMessageBouncedEvent::get_ProviderStatus()
DA:51,1
FN:17,System.Void MessagingService.EmailMessage.DomainEvents.EmailMessageBouncedEvent::.ctor(System.Guid,System.String,System.DateTime)
FNDA:1,System.Void MessagingService.EmailMessage.DomainEvents.EmailMessageBouncedEvent::.ctor(System.Guid,System.String,System.DateTime)
DA:18,1
DA:19,1
DA:20,1
DA:21,1
DA:22,1
DA:23,1
LF:9
LH:9
BRF:0
BRH:0
FNF:4
FNH:4
end_of_record
SF:C:\Projects\TransactionProcessing\Messaging\MessagingService.EmailMessage.DomainEvents\EmailMessageDeliveredEvent.cs
FN:34,System.DateTime MessagingService.EmailMessage.DomainEvents.EmailMessageDeliveredEvent::get_DeliveredDateTime()
FNDA:1,System.DateTime MessagingService.EmailMessage.DomainEvents.EmailMessageDeliveredEvent::get_DeliveredDateTime()
DA:35,1
FN:42,System.Guid MessagingService.EmailMessage.DomainEvents.EmailMessageDeliveredEvent::get_MessageId()
FNDA:1,System.Guid MessagingService.EmailMessage.DomainEvents.EmailMessageDeliveredEvent::get_MessageId()
DA:43,1
FN:50,System.String MessagingService.EmailMessage.DomainEvents.EmailMessageDeliveredEvent::get_ProviderStatus()
FNDA:1,System.String MessagingService.EmailMessage.DomainEvents.EmailMessageDeliveredEvent::get_ProviderStatus()
DA:51,1
FN:17,System.Void MessagingService.EmailMessage.DomainEvents.EmailMessageDeliveredEvent::.ctor(System.Guid,System.String,System.DateTime)
FNDA:1,System.Void MessagingService.EmailMessage.DomainEvents.EmailMessageDeliveredEvent::.ctor(System.Guid,System.String,System.DateTime)
DA:18,1
DA:19,1
DA:20,1
DA:21,1
DA:22,1
DA:23,1
LF:9
LH:9
BRF:0
BRH:0
FNF:4
FNH:4
end_of_record
SF:C:\Projects\TransactionProcessing\Messaging\MessagingService.EmailMessage.DomainEvents\EmailMessageFailedEvent.cs
FN:28,System.DateTime MessagingService.EmailMessage.DomainEvents.EmailMessageFailedEvent::get_FailedDateTime()
FNDA:1,System.DateTime MessagingService.EmailMessage.DomainEvents.EmailMessageFailedEvent::get_FailedDateTime()
DA:29,1
FN:36,System.Guid MessagingService.EmailMessage.DomainEvents.EmailMessageFailedEvent::get_MessageId()
FNDA:1,System.Guid MessagingService.EmailMessage.DomainEvents.EmailMessageFailedEvent::get_MessageId()
DA:37,1
FN:44,System.String MessagingService.EmailMessage.DomainEvents.EmailMessageFailedEvent::get_ProviderStatus()
FNDA:1,System.String MessagingService.EmailMessage.DomainEvents.EmailMessageFailedEvent::get_ProviderStatus()
DA:45,1
FN:15,System.Void MessagingService.EmailMessage.DomainEvents.EmailMessageFailedEvent::.ctor(System.Guid,System.String,System.DateTime)
FNDA:1,System.Void MessagingService.EmailMessage.DomainEvents.EmailMessageFailedEvent::.ctor(System.Guid,System.String,System.DateTime)
DA:16,1
DA:17,1
DA:18,1
DA:19,1
DA:20,1
DA:21,1
LF:9
LH:9
BRF:0
BRH:0
FNF:4
FNH:4
end_of_record
SF:C:\Projects\TransactionProcessing\Messaging\MessagingService.EmailMessage.DomainEvents\EmailMessageMarkedAsSpamEvent.cs
FN:34,System.Guid MessagingService.EmailMessage.DomainEvents.EmailMessageMarkedAsSpamEvent::get_MessageId()
FNDA:1,System.Guid MessagingService.EmailMessage.DomainEvents.EmailMessageMarkedAsSpamEvent::get_MessageId()
DA:35,1
FN:42,System.String MessagingService.EmailMessage.DomainEvents.EmailMessageMarkedAsSpamEvent::get_ProviderStatus()
FNDA:1,System.String MessagingService.EmailMessage.DomainEvents.EmailMessageMarkedAsSpamEvent::get_ProviderStatus()
DA:43,1
FN:50,System.DateTime MessagingService.EmailMessage.DomainEvents.EmailMessageMarkedAsSpamEvent::get_SpamDateTime()
FNDA:1,System.DateTime MessagingService.EmailMessage.DomainEvents.EmailMessageMarkedAsSpamEvent::get_SpamDateTime()
DA:51,1
FN:17,System.Void MessagingService.EmailMessage.DomainEvents.EmailMessageMarkedAsSpamEvent::.ctor(System.Guid,System.String,System.DateTime)
FNDA:1,System.Void MessagingService.EmailMessage.DomainEvents.EmailMessageMarkedAsSpamEvent::.ctor(System.Guid,System.String,System.DateTime)
DA:18,1
DA:19,1
DA:20,1
DA:21,1
DA:22,1
DA:23,1
LF:9
LH:9
BRF:0
BRH:0
FNF:4
FNH:4
end_of_record
SF:C:\Projects\TransactionProcessing\Messaging\MessagingService.EmailMessage.DomainEvents\EmailMessageRejectedEvent.cs
FN:34,System.Guid MessagingService.EmailMessage.DomainEvents.EmailMessageRejectedEvent::get_MessageId()
FNDA:1,System.Guid MessagingService.EmailMessage.DomainEvents.EmailMessageRejectedEvent::get_MessageId()
DA:35,1
FN:42,System.String MessagingService.EmailMessage.DomainEvents.EmailMessageRejectedEvent::get_ProviderStatus()
FNDA:1,System.String MessagingService.EmailMessage.DomainEvents.EmailMessageRejectedEvent::get_ProviderStatus()
DA:43,1
FN:50,System.DateTime MessagingService.EmailMessage.DomainEvents.EmailMessageRejectedEvent::get_RejectedDateTime()
FNDA:1,System.DateTime MessagingService.EmailMessage.DomainEvents.EmailMessageRejectedEvent::get_RejectedDateTime()
DA:51,1
FN:17,System.Void MessagingService.EmailMessage.DomainEvents.EmailMessageRejectedEvent::.ctor(System.Guid,System.String,System.DateTime)
FNDA:1,System.Void MessagingService.EmailMessage.DomainEvents.EmailMessageRejectedEvent::.ctor(System.Guid,System.String,System.DateTime)
DA:18,1
DA:19,1
DA:20,1
DA:21,1
DA:22,1
DA:23,1
LF:9
LH:9
BRF:0
BRH:0
FNF:4
FNH:4
end_of_record
SF:C:\Projects\TransactionProcessing\Messaging\MessagingService.EmailMessage.DomainEvents\RequestResentToEmailProviderEvent.cs
FN:18,System.Guid MessagingService.EmailMessage.DomainEvents.RequestResentToEmailProviderEvent::get_MessageId()
FNDA:1,System.Guid MessagingService.EmailMessage.DomainEvents.RequestResentToEmailProviderEvent::get_MessageId()
DA:19,1
FN:7,System.Void MessagingService.EmailMessage.DomainEvents.RequestResentToEmailProviderEvent::.ctor(System.Guid)
FNDA:1,System.Void MessagingService.EmailMessage.DomainEvents.RequestResentToEmailProviderEvent::.ctor(System.Guid)
DA:8,1
DA:9,1
DA:10,1
DA:11,1
LF:5
LH:5
BRF:0
BRH:0
FNF:2
FNH:2
end_of_record
SF:C:\Projects\TransactionProcessing\Messaging\MessagingService.EmailMessage.DomainEvents\RequestSentToEmailProviderEvent.cs
FN:38,System.String MessagingService.EmailMessage.DomainEvents.RequestSentToEmailProviderEvent::get_Body()
FNDA:16,System.String MessagingService.EmailMessage.DomainEvents.RequestSentToEmailProviderEvent::get_Body()
DA:39,16
FN:45,System.String MessagingService.EmailMessage.DomainEvents.RequestSentToEmailProviderEvent::get_FromAddress()
FNDA:16,System.String MessagingService.EmailMessage.DomainEvents.RequestSentToEmailProviderEvent::get_FromAddress()
DA:46,16
FN:54,System.Boolean MessagingService.EmailMessage.DomainEvents.RequestSentToEmailProviderEvent::get_IsHtml()
FNDA:16,System.Boolean MessagingService.EmailMessage.DomainEvents.RequestSentToEmailProviderEvent::get_IsHtml()
DA:55,16
FN:61,System.Guid MessagingService.EmailMessage.DomainEvents.RequestSentToEmailProviderEvent::get_MessageId()
FNDA:8,System.Guid MessagingService.EmailMessage.DomainEvents.RequestSentToEmailProviderEvent::get_MessageId()
DA:62,8
FN:70,System.String MessagingService.EmailMessage.DomainEvents.RequestSentToEmailProviderEvent::get_Subject()
FNDA:16,System.String MessagingService.EmailMessage.DomainEvents.RequestSentToEmailProviderEvent::get_Subject()
DA:71,16
FN:79,System.Collections.Generic.List`1<System.String> MessagingService.EmailMessage.DomainEvents.RequestSentToEmailProviderEvent::get_ToAddresses()
FNDA:24,System.Collections.Generic.List`1<System.String> MessagingService.EmailMessage.DomainEvents.RequestSentToEmailProviderEvent::get_ToAddresses()
DA:80,24
FN:22,System.Void MessagingService.EmailMessage.DomainEvents.RequestSentToEmailProviderEvent::.ctor(System.Guid,System.String,System.Collections.Generic.List`1<System.String>,System.String,System.String,System.Boolean)
FNDA:8,System.Void MessagingService.EmailMessage.DomainEvents.RequestSentToEmailProviderEvent::.ctor(System.Guid,System.String,System.Collections.Generic.List`1<System.String>,System.String,System.String,System.Boolean)
DA:23,8
DA:24,8
DA:25,8
DA:26,8
DA:27,8
DA:28,8
DA:29,8
DA:30,8
DA:31,8
LF:15
LH:15
BRF:0
BRH:0
FNF:7
FNH:7
end_of_record
SF:C:\Projects\TransactionProcessing\Messaging\MessagingService.EmailMessage.DomainEvents\ResponseReceivedFromProvider.cs
FN:34,System.Guid MessagingService.EmailMessage.DomainEvents.ResponseReceivedFromEmailProviderEvent::get_MessageId()
FNDA:24,System.Guid MessagingService.EmailMessage.DomainEvents.ResponseReceivedFromEmailProviderEvent::get_MessageId()
DA:35,24
FN:42,System.String MessagingService.EmailMessage.DomainEvents.ResponseReceivedFromEmailProviderEvent::get_ProviderEmailReference()
FNDA:33,System.String MessagingService.EmailMessage.DomainEvents.ResponseReceivedFromEmailProviderEvent::get_ProviderEmailReference()
DA:43,33
FN:50,System.String MessagingService.EmailMessage.DomainEvents.ResponseReceivedFromEmailProviderEvent::get_ProviderRequestReference()
FNDA:27,System.String MessagingService.EmailMessage.DomainEvents.ResponseReceivedFromEmailProviderEvent::get_ProviderRequestReference()
DA:51,27
FN:17,System.Void MessagingService.EmailMessage.DomainEvents.ResponseReceivedFromEmailProviderEvent::.ctor(System.Guid,System.String,System.String)
FNDA:18,System.Void MessagingService.EmailMessage.DomainEvents.ResponseReceivedFromEmailProviderEvent::.ctor(System.Guid,System.String,System.String)
DA:18,18
DA:19,18
DA:20,18
DA:21,18
DA:22,18
DA:23,18
LF:9
LH:9
BRF:0
BRH:0
FNF:4
FNH:4
end_of_record
SF:C:\Projects\TransactionProcessing\Messaging\MessagingService.EmailMessageAggregate\EmailAggregate.cs
FN:23,System.Collections.Generic.List`1<System.String> MessagingService.EmailMessageAggregate.EmailAggregate::GetToAddresses()
FNDA:1,System.Collections.Generic.List`1<System.String> MessagingService.EmailMessageAggregate.EmailAggregate::GetToAddresses()
DA:24,1
DA:25,1
DA:26,1
FN:69,System.String MessagingService.EmailMessageAggregate.EmailAggregate::get_Body()
FNDA:9,System.String MessagingService.EmailMessageAggregate.EmailAggregate::get_Body()
DA:70,9
FN:77,System.String MessagingService.EmailMessageAggregate.EmailAggregate::get_FromAddress()
FNDA:9,System.String MessagingService.EmailMessageAggregate.EmailAggregate::get_FromAddress()
DA:78,9
FN:85,System.Boolean MessagingService.EmailMessageAggregate.EmailAggregate::get_IsHtml()
FNDA:9,System.Boolean MessagingService.EmailMessageAggregate.EmailAggregate::get_IsHtml()
DA:86,9
FN:93,System.Guid MessagingService.EmailMessageAggregate.EmailAggregate::get_MessageId()
FNDA:0,System.Guid MessagingService.EmailMessageAggregate.EmailAggregate::get_MessageId()
DA:94,0
FN:101,System.String MessagingService.EmailMessageAggregate.EmailAggregate::get_ProviderEmailReference()
FNDA:9,System.String MessagingService.EmailMessageAggregate.EmailAggregate::get_ProviderEmailReference()
DA:102,9
FN:109,System.String MessagingService.EmailMessageAggregate.EmailAggregate::get_ProviderRequestReference()
FNDA:9,System.String MessagingService.EmailMessageAggregate.EmailAggregate::get_ProviderRequestReference()
DA:110,9
FN:117,System.String MessagingService.EmailMessageAggregate.EmailAggregate::get_Subject()
FNDA:9,System.String MessagingService.EmailMessageAggregate.EmailAggregate::get_Subject()
DA:118,9
FN:119,System.Int32 MessagingService.EmailMessageAggregate.EmailAggregate::get_ResendCount()
FNDA:46,System.Int32 MessagingService.EmailMessageAggregate.EmailAggregate::get_ResendCount()
DA:120,46
FN:133,MessagingService.EmailMessageAggregate.EmailAggregate MessagingService.EmailMessageAggregate.EmailAggregate::Create(System.Guid)
FNDA:0,MessagingService.EmailMessageAggregate.EmailAggregate MessagingService.EmailMessageAggregate.EmailAggregate::Create(System.Guid)
DA:134,0
DA:135,0
DA:136,0
FN:144,System.Void MessagingService.EmailMessageAggregate.EmailAggregate::MarkMessageAsBounced(System.String,System.DateTime)
FNDA:1,System.Void MessagingService.EmailMessageAggregate.EmailAggregate::MarkMessageAsBounced(System.String,System.DateTime)
DA:145,1
DA:146,1
DA:148,1
DA:150,1
DA:151,1
FN:159,System.Void MessagingService.EmailMessageAggregate.EmailAggregate::MarkMessageAsDelivered(System.String,System.DateTime)
FNDA:1,System.Void MessagingService.EmailMessageAggregate.EmailAggregate::MarkMessageAsDelivered(System.String,System.DateTime)
DA:160,1
DA:161,1
DA:163,1
DA:165,1
DA:166,1
FN:174,System.Void MessagingService.EmailMessageAggregate.EmailAggregate::MarkMessageAsFailed(System.String,System.DateTime)
FNDA:1,System.Void MessagingService.EmailMessageAggregate.EmailAggregate::MarkMessageAsFailed(System.String,System.DateTime)
DA:175,1
DA:176,1
DA:178,1
DA:180,1
DA:181,1
FN:189,System.Void MessagingService.EmailMessageAggregate.EmailAggregate::MarkMessageAsRejected(System.String,System.DateTime)
FNDA:1,System.Void MessagingService.EmailMessageAggregate.EmailAggregate::MarkMessageAsRejected(System.String,System.DateTime)
DA:190,1
DA:191,1
DA:193,1
DA:195,1
DA:196,1
FN:204,System.Void MessagingService.EmailMessageAggregate.EmailAggregate::MarkMessageAsSpam(System.String,System.DateTime)
FNDA:1,System.Void MessagingService.EmailMessageAggregate.EmailAggregate::MarkMessageAsSpam(System.String,System.DateTime)
DA:205,1
DA:206,1
DA:208,1
DA:210,1
DA:211,1
FN:219,System.Void MessagingService.EmailMessageAggregate.EmailAggregate::ReceiveResponseFromProvider(System.String,System.String)
FNDA:9,System.Void MessagingService.EmailMessageAggregate.EmailAggregate::ReceiveResponseFromProvider(System.String,System.String)
DA:220,9
DA:221,9
DA:222,9
DA:224,9
DA:225,9
FN:239,System.Void MessagingService.EmailMessageAggregate.EmailAggregate::SendRequestToProvider(System.String,System.Collections.Generic.List`1<System.String>,System.String,System.String,System.Boolean)
FNDA:8,System.Void MessagingService.EmailMessageAggregate.EmailAggregate::SendRequestToProvider(System.String,System.Collections.Generic.List`1<System.String>,System.String,System.String,System.Boolean)
DA:240,8
DA:241,8
DA:242,0
DA:243,0
DA:246,8
DA:248,8
DA:249,8
BRDA:241,23,0,0
BRDA:241,23,1,8
FN:251,System.Void MessagingService.EmailMessageAggregate.EmailAggregate::ResendRequestToProvider()
FNDA:1,System.Void MessagingService.EmailMessageAggregate.EmailAggregate::ResendRequestToProvider()
DA:252,1
DA:253,1
DA:254,1
DA:255,0
DA:256,0
DA:259,1
DA:261,1
DA:262,1
BRDA:253,19,0,0
BRDA:253,19,1,1
BRDA:253,49,0,0
BRDA:253,49,1,1
FN:278,System.Void MessagingService.EmailMessageAggregate.EmailAggregate::PlayEvent(Shared.DomainDrivenDesign.EventSourcing.IDomainEvent)
FNDA:23,System.Void MessagingService.EmailMessageAggregate.EmailAggregate::PlayEvent(Shared.DomainDrivenDesign.EventSourcing.IDomainEvent)
DA:279,23
DA:280,23
DA:281,23
BRDA:280,6,1,1
BRDA:280,6,0,23
FN:283,System.Void MessagingService.EmailMessageAggregate.EmailAggregate::PlayEvent(System.Object)
FNDA:0,System.Void MessagingService.EmailMessageAggregate.EmailAggregate::PlayEvent(System.Object)
DA:284,0
DA:285,0
DA:287,0
DA:288,0
FN:295,System.Void MessagingService.EmailMessageAggregate.EmailAggregate::CheckMessageCanBeSetToBounced()
FNDA:1,System.Void MessagingService.EmailMessageAggregate.EmailAggregate::CheckMessageCanBeSetToBounced()
DA:296,1
DA:297,1
DA:298,0
DA:299,0
DA:301,1
BRDA:297,26,0,0
BRDA:297,26,1,1
FN:307,System.Void MessagingService.EmailMessageAggregate.EmailAggregate::CheckMessageCanBeSetToDelivered()
FNDA:1,System.Void MessagingService.EmailMessageAggregate.EmailAggregate::CheckMessageCanBeSetToDelivered()
DA:308,1
DA:309,1
DA:310,0
DA:311,0
DA:313,1
BRDA:309,26,0,0
BRDA:309,26,1,1
FN:319,System.Void MessagingService.EmailMessageAggregate.EmailAggregate::CheckMessageCanBeSetToFailed()
FNDA:1,System.Void MessagingService.EmailMessageAggregate.EmailAggregate::CheckMessageCanBeSetToFailed()
DA:320,1
DA:321,1
DA:322,0
DA:323,0
DA:325,1
BRDA:321,26,0,0
BRDA:321,26,1,1
FN:331,System.Void MessagingService.EmailMessageAggregate.EmailAggregate::CheckMessageCanBeSetToRejected()
FNDA:1,System.Void MessagingService.EmailMessageAggregate.EmailAggregate::CheckMessageCanBeSetToRejected()
DA:332,1
DA:333,1
DA:334,0
DA:335,0
DA:337,1
BRDA:333,26,0,0
BRDA:333,26,1,1
FN:343,System.Void MessagingService.EmailMessageAggregate.EmailAggregate::CheckMessageCanBeSetToSpam()
FNDA:1,System.Void MessagingService.EmailMessageAggregate.EmailAggregate::CheckMessageCanBeSetToSpam()
DA:344,1
DA:345,1
DA:346,0
DA:347,0
DA:349,1
BRDA:345,26,0,0
BRDA:345,26,1,1
FN:355,System.Void MessagingService.EmailMessageAggregate.EmailAggregate::PlayEvent(MessagingService.EmailMessage.DomainEvents.RequestSentToEmailProviderEvent)
FNDA:8,System.Void MessagingService.EmailMessageAggregate.EmailAggregate::PlayEvent(MessagingService.EmailMessage.DomainEvents.RequestSentToEmailProviderEvent)
DA:356,8
DA:357,8
DA:358,8
DA:359,8
DA:360,8
DA:361,8
DA:362,8
DA:363,8
DA:365,56
DA:366,16
DA:367,16
DA:368,16
DA:369,16
DA:370,16
DA:371,8
BRDA:365,151,1,16
BRDA:365,151,0,8
FN:377,System.Void MessagingService.EmailMessageAggregate.EmailAggregate::PlayEvent(MessagingService.EmailMessage.DomainEvents.ResponseReceivedFromEmailProviderEvent)
FNDA:9,System.Void MessagingService.EmailMessageAggregate.EmailAggregate::PlayEvent(MessagingService.EmailMessage.DomainEvents.ResponseReceivedFromEmailProviderEvent)
DA:378,9
DA:379,9
DA:380,9
DA:381,9
DA:382,9
FN:383,System.Void MessagingService.EmailMessageAggregate.EmailAggregate::PlayEvent(MessagingService.EmailMessage.DomainEvents.RequestResentToEmailProviderEvent)
FNDA:1,System.Void MessagingService.EmailMessageAggregate.EmailAggregate::PlayEvent(MessagingService.EmailMessage.DomainEvents.RequestResentToEmailProviderEvent)
DA:384,1
DA:385,1
DA:386,1
DA:387,1
FN:393,System.Void MessagingService.EmailMessageAggregate.EmailAggregate::PlayEvent(MessagingService.EmailMessage.DomainEvents.EmailMessageDeliveredEvent)
FNDA:1,System.Void MessagingService.EmailMessageAggregate.EmailAggregate::PlayEvent(MessagingService.EmailMessage.DomainEvents.EmailMessageDeliveredEvent)
DA:394,1
DA:395,1
DA:396,1
FN:397,MessagingService.EmailMessageAggregate.MessageStatus MessagingService.EmailMessageAggregate.EmailAggregate::GetDeliveryStatus(System.Nullable`1<System.Int32>)
FNDA:0,MessagingService.EmailMessageAggregate.MessageStatus MessagingService.EmailMessageAggregate.EmailAggregate::GetDeliveryStatus(System.Nullable`1<System.Int32>)
DA:398,0
DA:399,0
DA:400,0
DA:402,0
DA:403,0
BRDA:399,13,0,0
BRDA:399,13,1,0
FN:409,System.Void MessagingService.EmailMessageAggregate.EmailAggregate::PlayEvent(MessagingService.EmailMessage.DomainEvents.EmailMessageFailedEvent)
FNDA:1,System.Void MessagingService.EmailMessageAggregate.EmailAggregate::PlayEvent(MessagingService.EmailMessage.DomainEvents.EmailMessageFailedEvent)
DA:410,1
DA:411,1
DA:412,1
FN:418,System.Void MessagingService.EmailMessageAggregate.EmailAggregate::PlayEvent(MessagingService.EmailMessage.DomainEvents.EmailMessageRejectedEvent)
FNDA:1,System.Void MessagingService.EmailMessageAggregate.EmailAggregate::PlayEvent(MessagingService.EmailMessage.DomainEvents.EmailMessageRejectedEvent)
DA:419,1
DA:420,1
DA:421,1
FN:427,System.Void MessagingService.EmailMessageAggregate.EmailAggregate::PlayEvent(MessagingService.EmailMessage.DomainEvents.EmailMessageBouncedEvent)
FNDA:1,System.Void MessagingService.EmailMessageAggregate.EmailAggregate::PlayEvent(MessagingService.EmailMessage.DomainEvents.EmailMessageBouncedEvent)
DA:428,1
DA:429,1
DA:430,1
FN:436,System.Void MessagingService.EmailMessageAggregate.EmailAggregate::PlayEvent(MessagingService.EmailMessage.DomainEvents.EmailMessageMarkedAsSpamEvent)
FNDA:1,System.Void MessagingService.EmailMessageAggregate.EmailAggregate::PlayEvent(MessagingService.EmailMessage.DomainEvents.EmailMessageMarkedAsSpamEvent)
DA:437,1
DA:438,1
DA:439,1
FN:47,System.Void MessagingService.EmailMessageAggregate.EmailAggregate::.ctor(System.Guid)
FNDA:0,System.Void MessagingService.EmailMessageAggregate.EmailAggregate::.ctor(System.Guid)
DA:48,0
DA:49,0
DA:50,0
DA:52,0
DA:53,0
DA:54,0
DA:55,0
DA:56,0
DA:57,0
DA:58,0
LF:145
LH:108
BRF:22
BRH:12
FNF:35
FNH:30
end_of_record
SF:C:\Projects\TransactionProcessing\Messaging\MessagingService.EmailMessageAggregate\MessageRecipient.cs
FN:21,System.String MessagingService.EmailMessageAggregate.MessageRecipient::get_ToAddress()
FNDA:16,System.String MessagingService.EmailMessageAggregate.MessageRecipient::get_ToAddress()
DA:22,16
FN:32,System.Void MessagingService.EmailMessageAggregate.MessageRecipient::Create(System.String)
FNDA:16,System.Void MessagingService.EmailMessageAggregate.MessageRecipient::Create(System.String)
DA:33,16
DA:34,16
DA:35,16
LF:4
LH:4
BRF:0
BRH:0
FNF:2
FNH:2
end_of_record
SF:C:\Projects\TransactionProcessing\Messaging\MessagingService.SMSMessage.DomainEvents\RequestSentToSMSProviderEvent.cs
FN:37,System.String MessagingService.SMSMessage.DomainEvents.RequestSentToSMSProviderEvent::get_Destination()
FNDA:10,System.String MessagingService.SMSMessage.DomainEvents.RequestSentToSMSProviderEvent::get_Destination()
DA:38,10
FN:45,System.String MessagingService.SMSMessage.DomainEvents.RequestSentToSMSProviderEvent::get_Message()
FNDA:10,System.String MessagingService.SMSMessage.DomainEvents.RequestSentToSMSProviderEvent::get_Message()
DA:46,10
FN:53,System.Guid MessagingService.SMSMessage.DomainEvents.RequestSentToSMSProviderEvent::get_MessageId()
FNDA:5,System.Guid MessagingService.SMSMessage.DomainEvents.RequestSentToSMSProviderEvent::get_MessageId()
DA:54,5
FN:61,System.String MessagingService.SMSMessage.DomainEvents.RequestSentToSMSProviderEvent::get_Sender()
FNDA:10,System.String MessagingService.SMSMessage.DomainEvents.RequestSentToSMSProviderEvent::get_Sender()
DA:62,10
FN:19,System.Void MessagingService.SMSMessage.DomainEvents.RequestSentToSMSProviderEvent::.ctor(System.Guid,System.String,System.String,System.String)
FNDA:5,System.Void MessagingService.SMSMessage.DomainEvents.RequestSentToSMSProviderEvent::.ctor(System.Guid,System.String,System.String,System.String)
DA:20,5
DA:21,5
DA:22,5
DA:23,5
DA:24,5
DA:25,5
DA:26,5
LF:11
LH:11
BRF:0
BRH:0
FNF:5
FNH:5
end_of_record
SF:C:\Projects\TransactionProcessing\Messaging\MessagingService.SMSMessage.DomainEvents\ResponseReceivedFromSMSProvider.cs
FN:31,System.Guid MessagingService.SMSMessage.DomainEvents.ResponseReceivedFromSMSProviderEvent::get_MessageId()
FNDA:13,System.Guid MessagingService.SMSMessage.DomainEvents.ResponseReceivedFromSMSProviderEvent::get_MessageId()
DA:32,13
FN:39,System.String MessagingService.SMSMessage.DomainEvents.ResponseReceivedFromSMSProviderEvent::get_ProviderSMSReference()
FNDA:18,System.String MessagingService.SMSMessage.DomainEvents.ResponseReceivedFromSMSProviderEvent::get_ProviderSMSReference()
DA:40,18
FN:15,System.Void MessagingService.SMSMessage.DomainEvents.ResponseReceivedFromSMSProviderEvent::.ctor(System.Guid,System.String)
FNDA:9,System.Void MessagingService.SMSMessage.DomainEvents.ResponseReceivedFromSMSProviderEvent::.ctor(System.Guid,System.String)
DA:16,9
DA:17,9
DA:18,9
DA:19,9
DA:20,9
LF:7
LH:7
BRF:0
BRH:0
FNF:3
FNH:3
end_of_record
SF:C:\Projects\TransactionProcessing\Messaging\MessagingService.SMSMessage.DomainEvents\SMSMessageDeliveredEvent.cs
FN:34,System.DateTime MessagingService.SMSMessage.DomainEvents.SMSMessageDeliveredEvent::get_DeliveredDateTime()
FNDA:1,System.DateTime MessagingService.SMSMessage.DomainEvents.SMSMessageDeliveredEvent::get_DeliveredDateTime()
DA:35,1
FN:42,System.Guid MessagingService.SMSMessage.DomainEvents.SMSMessageDeliveredEvent::get_MessageId()
FNDA:1,System.Guid MessagingService.SMSMessage.DomainEvents.SMSMessageDeliveredEvent::get_MessageId()
DA:43,1
FN:50,System.String MessagingService.SMSMessage.DomainEvents.SMSMessageDeliveredEvent::get_ProviderStatus()
FNDA:1,System.String MessagingService.SMSMessage.DomainEvents.SMSMessageDeliveredEvent::get_ProviderStatus()
DA:51,1
FN:17,System.Void MessagingService.SMSMessage.DomainEvents.SMSMessageDeliveredEvent::.ctor(System.Guid,System.String,System.DateTime)
FNDA:1,System.Void MessagingService.SMSMessage.DomainEvents.SMSMessageDeliveredEvent::.ctor(System.Guid,System.String,System.DateTime)
DA:18,1
DA:19,1
DA:20,1
DA:21,1
DA:22,1
DA:23,1
LF:9
LH:9
BRF:0
BRH:0
FNF:4
FNH:4
end_of_record
SF:C:\Projects\TransactionProcessing\Messaging\MessagingService.SMSMessage.DomainEvents\SMSMessageExpiredEvent.cs
FN:34,System.DateTime MessagingService.SMSMessage.DomainEvents.SMSMessageExpiredEvent::get_ExpiredDateTime()
FNDA:1,System.DateTime MessagingService.SMSMessage.DomainEvents.SMSMessageExpiredEvent::get_ExpiredDateTime()
DA:35,1
FN:42,System.Guid MessagingService.SMSMessage.DomainEvents.SMSMessageExpiredEvent::get_MessageId()
FNDA:1,System.Guid MessagingService.SMSMessage.DomainEvents.SMSMessageExpiredEvent::get_MessageId()
DA:43,1
FN:50,System.String MessagingService.SMSMessage.DomainEvents.SMSMessageExpiredEvent::get_ProviderStatus()
FNDA:1,System.String MessagingService.SMSMessage.DomainEvents.SMSMessageExpiredEvent::get_ProviderStatus()
DA:51,1
FN:17,System.Void MessagingService.SMSMessage.DomainEvents.SMSMessageExpiredEvent::.ctor(System.Guid,System.String,System.DateTime)
FNDA:1,System.Void MessagingService.SMSMessage.DomainEvents.SMSMessageExpiredEvent::.ctor(System.Guid,System.String,System.DateTime)
DA:18,1
DA:19,1
DA:20,1
DA:21,1
DA:22,1
DA:23,1
LF:9
LH:9
BRF:0
BRH:0
FNF:4
FNH:4
end_of_record
SF:C:\Projects\TransactionProcessing\Messaging\MessagingService.SMSMessage.DomainEvents\SMSMessageRejectedEvent.cs
FN:34,System.Guid MessagingService.SMSMessage.DomainEvents.SMSMessageRejectedEvent::get_MessageId()
FNDA:1,System.Guid MessagingService.SMSMessage.DomainEvents.SMSMessageRejectedEvent::get_MessageId()
DA:35,1
FN:42,System.String MessagingService.SMSMessage.DomainEvents.SMSMessageRejectedEvent::get_ProviderStatus()
FNDA:1,System.String MessagingService.SMSMessage.DomainEvents.SMSMessageRejectedEvent::get_ProviderStatus()
DA:43,1
FN:50,System.DateTime MessagingService.SMSMessage.DomainEvents.SMSMessageRejectedEvent::get_RejectedDateTime()
FNDA:1,System.DateTime MessagingService.SMSMessage.DomainEvents.SMSMessageRejectedEvent::get_RejectedDateTime()
DA:51,1
FN:17,System.Void MessagingService.SMSMessage.DomainEvents.SMSMessageRejectedEvent::.ctor(System.Guid,System.String,System.DateTime)
FNDA:1,System.Void MessagingService.SMSMessage.DomainEvents.SMSMessageRejectedEvent::.ctor(System.Guid,System.String,System.DateTime)
DA:18,1
DA:19,1
DA:20,1
DA:21,1
DA:22,1
DA:23,1
LF:9
LH:9
BRF:0
BRH:0
FNF:4
FNH:4
end_of_record
SF:C:\Projects\TransactionProcessing\Messaging\MessagingService.SMSMessage.DomainEvents\SMSMessageUndeliveredEvent.cs
FN:34,System.Guid MessagingService.SMSMessage.DomainEvents.SMSMessageUndeliveredEvent::get_MessageId()
FNDA:1,System.Guid MessagingService.SMSMessage.DomainEvents.SMSMessageUndeliveredEvent::get_MessageId()
DA:35,1
FN:42,System.String MessagingService.SMSMessage.DomainEvents.SMSMessageUndeliveredEvent::get_ProviderStatus()
FNDA:1,System.String MessagingService.SMSMessage.DomainEvents.SMSMessageUndeliveredEvent::get_ProviderStatus()
DA:43,1
FN:50,System.DateTime MessagingService.SMSMessage.DomainEvents.SMSMessageUndeliveredEvent::get_UndeliveredDateTime()
FNDA:1,System.DateTime MessagingService.SMSMessage.DomainEvents.SMSMessageUndeliveredEvent::get_UndeliveredDateTime()
DA:51,1
FN:17,System.Void MessagingService.SMSMessage.DomainEvents.SMSMessageUndeliveredEvent::.ctor(System.Guid,System.String,System.DateTime)
FNDA:1,System.Void MessagingService.SMSMessage.DomainEvents.SMSMessageUndeliveredEvent::.ctor(System.Guid,System.String,System.DateTime)
DA:18,1
DA:19,1
DA:20,1
DA:21,1
DA:22,1
DA:23,1
LF:9
LH:9
BRF:0
BRH:0
FNF:4
FNH:4
end_of_record
SF:C:\Projects\TransactionProcessing\Messaging\MessagingService.SMSMessageAggregate\SMSAggregate.cs
FN:48,System.Guid MessagingService.SMSMessageAggregate.SMSAggregate::get_MessageId()
FNDA:0,System.Guid MessagingService.SMSMessageAggregate.SMSAggregate::get_MessageId()
DA:49,0
FN:55,System.String MessagingService.SMSMessageAggregate.SMSAggregate::get_Sender()
FNDA:5,System.String MessagingService.SMSMessageAggregate.SMSAggregate::get_Sender()
DA:56,5
FN:62,System.String MessagingService.SMSMessageAggregate.SMSAggregate::get_Destination()
FNDA:5,System.String MessagingService.SMSMessageAggregate.SMSAggregate::get_Destination()
DA:63,5
FN:69,System.String MessagingService.SMSMessageAggregate.SMSAggregate::get_Message()
FNDA:5,System.String MessagingService.SMSMessageAggregate.SMSAggregate::get_Message()
DA:70,5
FN:76,System.String MessagingService.SMSMessageAggregate.SMSAggregate::get_ProviderReference()
FNDA:5,System.String MessagingService.SMSMessageAggregate.SMSAggregate::get_ProviderReference()
DA:77,5
FN:84,MessagingService.SMSMessageAggregate.MessageStatus MessagingService.SMSMessageAggregate.SMSAggregate::get_MessageStatus()
FNDA:23,MessagingService.SMSMessageAggregate.MessageStatus MessagingService.SMSMessageAggregate.SMSAggregate::get_MessageStatus()
DA:85,23
FN:92,MessagingService.SMSMessageAggregate.SMSAggregate MessagingService.SMSMessageAggregate.SMSAggregate::Create(System.Guid)
FNDA:0,MessagingService.SMSMessageAggregate.SMSAggregate MessagingService.SMSMessageAggregate.SMSAggregate::Create(System.Guid)
DA:93,0
DA:94,0
DA:95,0
FN:101,System.Void MessagingService.SMSMessageAggregate.SMSAggregate::ReceiveResponseFromProvider(System.String)
FNDA:5,System.Void MessagingService.SMSMessageAggregate.SMSAggregate::ReceiveResponseFromProvider(System.String)
DA:102,5
DA:103,5
DA:104,5
DA:106,5
DA:107,5
FN:118,System.Void MessagingService.SMSMessageAggregate.SMSAggregate::SendRequestToProvider(System.String,System.String,System.String)
FNDA:5,System.Void MessagingService.SMSMessageAggregate.SMSAggregate::SendRequestToProvider(System.String,System.String,System.String)
DA:119,5
DA:120,5
DA:121,0
DA:122,0
DA:125,5
DA:127,5
DA:128,5
BRDA:120,12,0,0
BRDA:120,12,1,5
FN:136,System.Void MessagingService.SMSMessageAggregate.SMSAggregate::MarkMessageAsExpired(System.String,System.DateTime)
FNDA:1,System.Void MessagingService.SMSMessageAggregate.SMSAggregate::MarkMessageAsExpired(System.String,System.DateTime)
DA:137,1
DA:138,1
DA:140,1
DA:142,1
DA:143,1
FN:151,System.Void MessagingService.SMSMessageAggregate.SMSAggregate::MarkMessageAsRejected(System.String,System.DateTime)
FNDA:1,System.Void MessagingService.SMSMessageAggregate.SMSAggregate::MarkMessageAsRejected(System.String,System.DateTime)
DA:152,1
DA:153,1
DA:155,1
DA:157,1
DA:158,1
FN:166,System.Void MessagingService.SMSMessageAggregate.SMSAggregate::MarkMessageAsDelivered(System.String,System.DateTime)
FNDA:1,System.Void MessagingService.SMSMessageAggregate.SMSAggregate::MarkMessageAsDelivered(System.String,System.DateTime)
DA:167,1
DA:168,1
DA:170,1
DA:172,1
DA:173,1
FN:182,System.Void MessagingService.SMSMessageAggregate.SMSAggregate::MarkMessageAsUndeliverable(System.String,System.DateTime)
FNDA:1,System.Void MessagingService.SMSMessageAggregate.SMSAggregate::MarkMessageAsUndeliverable(System.String,System.DateTime)
DA:183,1
DA:184,1
DA:186,1
DA:188,1
DA:189,1
FN:195,System.Void MessagingService.SMSMessageAggregate.SMSAggregate::CheckMessageCanBeSetToExpired()
FNDA:1,System.Void MessagingService.SMSMessageAggregate.SMSAggregate::CheckMessageCanBeSetToExpired()
DA:196,1
DA:197,1
DA:198,0
DA:199,0
DA:201,1
BRDA:197,15,0,0
BRDA:197,15,1,1
FN:207,System.Void MessagingService.SMSMessageAggregate.SMSAggregate::CheckMessageCanBeSetToRejected()
FNDA:1,System.Void MessagingService.SMSMessageAggregate.SMSAggregate::CheckMessageCanBeSetToRejected()
DA:208,1
DA:209,1
DA:210,0
DA:211,0
DA:213,1
BRDA:209,15,0,0
BRDA:209,15,1,1
FN:218,System.Void MessagingService.SMSMessageAggregate.SMSAggregate::CheckMessageCanBeSetToDelivered()
FNDA:1,System.Void MessagingService.SMSMessageAggregate.SMSAggregate::CheckMessageCanBeSetToDelivered()
DA:219,1
DA:220,1
DA:221,0
DA:222,0
DA:224,1
BRDA:220,15,0,0
BRDA:220,15,1,1
FN:230,System.Void MessagingService.SMSMessageAggregate.SMSAggregate::CheckMessageCanBeSetToUndeliverable()
FNDA:1,System.Void MessagingService.SMSMessageAggregate.SMSAggregate::CheckMessageCanBeSetToUndeliverable()
DA:231,1
DA:232,1
DA:233,0
DA:234,0
DA:236,1
BRDA:232,15,0,0
BRDA:232,15,1,1
FN:252,System.Void MessagingService.SMSMessageAggregate.SMSAggregate::PlayEvent(Shared.DomainDrivenDesign.EventSourcing.IDomainEvent)
FNDA:14,System.Void MessagingService.SMSMessageAggregate.SMSAggregate::PlayEvent(Shared.DomainDrivenDesign.EventSourcing.IDomainEvent)
DA:253,14
DA:254,14
DA:255,14
BRDA:254,6,1,1
BRDA:254,6,0,14
FN:257,System.Void MessagingService.SMSMessageAggregate.SMSAggregate::PlayEvent(System.Object)
FNDA:0,System.Void MessagingService.SMSMessageAggregate.SMSAggregate::PlayEvent(System.Object)
DA:258,0
DA:259,0
DA:261,0
DA:262,0
FN:269,System.Void MessagingService.SMSMessageAggregate.SMSAggregate::PlayEvent(MessagingService.SMSMessage.DomainEvents.RequestSentToSMSProviderEvent)
FNDA:5,System.Void MessagingService.SMSMessageAggregate.SMSAggregate::PlayEvent(MessagingService.SMSMessage.DomainEvents.RequestSentToSMSProviderEvent)
DA:270,5
DA:271,5
DA:272,5
DA:273,5
DA:274,5
DA:275,5
FN:281,System.Void MessagingService.SMSMessageAggregate.SMSAggregate::PlayEvent(MessagingService.SMSMessage.DomainEvents.ResponseReceivedFromSMSProviderEvent)
FNDA:5,System.Void MessagingService.SMSMessageAggregate.SMSAggregate::PlayEvent(MessagingService.SMSMessage.DomainEvents.ResponseReceivedFromSMSProviderEvent)
DA:282,5
DA:283,5
DA:284,5
DA:285,5
FN:291,System.Void MessagingService.SMSMessageAggregate.SMSAggregate::PlayEvent(MessagingService.SMSMessage.DomainEvents.SMSMessageExpiredEvent)
FNDA:1,System.Void MessagingService.SMSMessageAggregate.SMSAggregate::PlayEvent(MessagingService.SMSMessage.DomainEvents.SMSMessageExpiredEvent)
DA:292,1
DA:293,1
DA:294,1
FN:300,System.Void MessagingService.SMSMessageAggregate.SMSAggregate::PlayEvent(MessagingService.SMSMessage.DomainEvents.SMSMessageDeliveredEvent)
FNDA:1,System.Void MessagingService.SMSMessageAggregate.SMSAggregate::PlayEvent(MessagingService.SMSMessage.DomainEvents.SMSMessageDeliveredEvent)
DA:301,1
DA:302,1
DA:303,1
FN:309,System.Void MessagingService.SMSMessageAggregate.SMSAggregate::PlayEvent(MessagingService.SMSMessage.DomainEvents.SMSMessageRejectedEvent)
FNDA:1,System.Void MessagingService.SMSMessageAggregate.SMSAggregate::PlayEvent(MessagingService.SMSMessage.DomainEvents.SMSMessageRejectedEvent)
DA:310,1
DA:311,1
DA:312,1
FN:318,System.Void MessagingService.SMSMessageAggregate.SMSAggregate::PlayEvent(MessagingService.SMSMessage.DomainEvents.SMSMessageUndeliveredEvent)
FNDA:1,System.Void MessagingService.SMSMessageAggregate.SMSAggregate::PlayEvent(MessagingService.SMSMessage.DomainEvents.SMSMessageUndeliveredEvent)
DA:319,1
DA:320,1
DA:321,1
FN:32,System.Void MessagingService.SMSMessageAggregate.SMSAggregate::.ctor(System.Guid)
FNDA:0,System.Void MessagingService.SMSMessageAggregate.SMSAggregate::.ctor(System.Guid)
DA:33,0
DA:34,0
DA:35,0
DA:37,0
DA:38,0
DA:39,0
LF:96
LH:72
BRF:12
BRH:7
FNF:26
FNH:22
end_of_record